This is XeTeX, Version 3.141592653-2.6-0.999995 (TeX Live 2023) (preloaded format=xelatex 2024.2.5)  7 FEB 2024 14:57
entering extended mode
 restricted \write18 enabled.
 %&-line parsing enabled.
**template.tex
(./template.tex
LaTeX2e <2023-11-01> patch level 1
L3 programming layer <2024-01-22>
(./pnas-new.cls
Document Class: pnas-new 2023/05/03, v1.46
(/Users/danielfurth/Library/TinyTeX/texmf-dist/tex/latex/extsizes/extarticle.cls
Document Class: extarticle 1996/10/08 v1.0 Non Standard LaTeX document class
(/Users/danielfurth/Library/TinyTeX/texmf-dist/tex/latex/base/size10.clo
File: size10.clo 2023/05/17 v1.4n Standard LaTeX file (size option)
) (/Users/danielfurth/Library/TinyTeX/texmf-dist/tex/latex/base/exscale.sty
Package: exscale 2018/09/24 v2.1i Standard LaTeX package exscale
LaTeX Font Info:    Redeclaring symbol font `largesymbols' on input line 57.
LaTeX Font Info:    Overwriting symbol font `largesymbols' in version `normal'
(Font)                  OMX/cmex/m/n --> OMX/cmex/m/n on input line 57.
LaTeX Font Info:    Overwriting symbol font `largesymbols' in version `bold'
(Font)                  OMX/cmex/m/n --> OMX/cmex/m/n on input line 57.
\big@size=\dimen140
)
\c@part=\count183
\c@section=\count184
\c@subsection=\count185
\c@subsubsection=\count186
\c@paragraph=\count187
\c@subparagraph=\count188
\c@figure=\count189
\c@table=\count190
\abovecaptionskip=\skip48
\belowcaptionskip=\skip49
\bibindent=\dimen141
) (/Users/danielfurth/Library/TinyTeX/texmf-dist/tex/latex/base/inputenc.sty
Package: inputenc 2021/02/14 v1.3d Input encoding file
\inpenc@prehook=\toks17
\inpenc@posthook=\toks18

Package inputenc Warning: inputenc package ignored with utf8 based engines.

) (/Users/danielfurth/Library/TinyTeX/texmf-dist/tex/generic/babel/babel.sty
Package: babel 2024/01/07 v24.1 The Babel package
\babel@savecnt=\count191
\U@D=\dimen142
\l@unhyphenated=\language6
(/Users/danielfurth/Library/TinyTeX/texmf-dist/tex/generic/babel/xebabel.def)
\bbl@readstream=\read2
\bbl@dirlevel=\count192
(/Users/danielfurth/Library/TinyTeX/texmf-dist/tex/generic/babel-english/english.ldf
Language: english 2017/06/06 v3.3r English support from the babel system
Package babel Info: Hyphen rules for 'british' set to \l@english
(babel)             (\language0). Reported on input line 82.
Package babel Info: Hyphen rules for 'UKenglish' set to \l@english
(babel)             (\language0). Reported on input line 83.
Package babel Info: Hyphen rules for 'canadian' set to \l@english
(babel)             (\language0). Reported on input line 102.
Package babel Info: Hyphen rules for 'australian' set to \l@english
(babel)             (\language0). Reported on input line 105.
Package babel Info: Hyphen rules for 'newzealand' set to \l@english
(babel)             (\language0). Reported on input line 108.
)) (/Users/danielfurth/Library/TinyTeX/texmf-dist/tex/generic/babel/locale/en/babel-english.tex
Package babel Info: Importing font and identification data for english
(babel)             from babel-en.ini. Reported on input line 11.
) (/Users/danielfurth/Library/TinyTeX/texmf-dist/tex/latex/amsmath/amsmath.sty
Package: amsmath 2023/05/13 v2.17o AMS math features
\@mathmargin=\skip50
For additional information on amsmath, use the `?' option.
(/Users/danielfurth/Library/TinyTeX/texmf-dist/tex/latex/amsmath/amstext.sty
Package: amstext 2021/08/26 v2.01 AMS text
(/Users/danielfurth/Library/TinyTeX/texmf-dist/tex/latex/amsmath/amsgen.sty
File: amsgen.sty 1999/11/30 v2.0 generic functions
\@emptytoks=\toks19
\ex@=\dimen143
)) (/Users/danielfurth/Library/TinyTeX/texmf-dist/tex/latex/amsmath/amsbsy.sty
Package: amsbsy 1999/11/29 v1.2d Bold Symbols
\pmbraise@=\dimen144
) (/Users/danielfurth/Library/TinyTeX/texmf-dist/tex/latex/amsmath/amsopn.sty
Package: amsopn 2022/04/08 v2.04 operator names
)
\inf@bad=\count193
LaTeX Info: Redefining \frac on input line 234.
\uproot@=\count194
\leftroot@=\count195
LaTeX Info: Redefining \overline on input line 399.
LaTeX Info: Redefining \colon on input line 410.
\classnum@=\count196
\DOTSCASE@=\count197
LaTeX Info: Redefining \ldots on input line 496.
LaTeX Info: Redefining \dots on input line 499.
LaTeX Info: Redefining \cdots on input line 620.
\Mathstrutbox@=\box51
\strutbox@=\box52
LaTeX Info: Redefining \big on input line 722.
LaTeX Info: Redefining \Big on input line 723.
LaTeX Info: Redefining \bigg on input line 724.
LaTeX Info: Redefining \Bigg on input line 725.
\big@size=\dimen145
LaTeX Font Info:    Redeclaring font encoding OML on input line 743.
LaTeX Font Info:    Redeclaring font encoding OMS on input line 744.
\macc@depth=\count198
LaTeX Info: Redefining \bmod on input line 905.
LaTeX Info: Redefining \pmod on input line 910.
LaTeX Info: Redefining \smash on input line 940.
LaTeX Info: Redefining \relbar on input line 970.
LaTeX Info: Redefining \Relbar on input line 971.
\c@MaxMatrixCols=\count199
\dotsspace@=\muskip16
\c@parentequation=\count266
\dspbrk@lvl=\count267
\tag@help=\toks20
\row@=\count268
\column@=\count269
\maxfields@=\count270
\andhelp@=\toks21
\eqnshift@=\dimen146
\alignsep@=\dimen147
\tagshift@=\dimen148
\tagwidth@=\dimen149
\totwidth@=\dimen150
\lineht@=\dimen151
\@envbody=\toks22
\multlinegap=\skip51
\multlinetaggap=\skip52
\mathdisplay@stack=\toks23
LaTeX Info: Redefining \[ on input line 2953.
LaTeX Info: Redefining \] on input line 2954.
) (/Users/danielfurth/Library/TinyTeX/texmf-dist/tex/latex/amsfonts/amsfonts.sty
Package: amsfonts 2013/01/14 v3.01 Basic AMSFonts support
\symAMSa=\mathgroup4
\symAMSb=\mathgroup5
LaTeX Font Info:    Redeclaring math symbol \hbar on input line 98.
LaTeX Font Info:    Overwriting math alphabet `\mathfrak' in version `bold'
(Font)                  U/euf/m/n --> U/euf/b/n on input line 106.
) (/Users/danielfurth/Library/TinyTeX/texmf-dist/tex/latex/amsfonts/amssymb.sty
Package: amssymb 2013/01/14 v3.01 AMS font symbols
) (/Users/danielfurth/Library/TinyTeX/texmf-dist/tex/latex/newtx/newtxtext.sty
Package: newtxtext 2024/01/11 v1.737(Michael Sharpe) latex and unicode latex support for TeXGyreTermesX
`newtxtext' v1.737, 2024/01/11 Text macros taking advantage of TeXGyre Termes and its extensions (msharpe) (/Users/danielfurth/Library/TinyTeX/texmf-dist/tex/latex/xpatch/xpatch.sty (/Users/danielfurth/Library/TinyTeX/texmf-dist/tex/latex/l3kernel/expl3.sty
Package: expl3 2024-01-22 L3 programming layer (loader) 
(/Users/danielfurth/Library/TinyTeX/texmf-dist/tex/latex/l3backend/l3backend-xetex.def
File: l3backend-xetex.def 2024-01-04 L3 backend support: XeTeX
\g__graphics_track_int=\count271
\l__pdf_internal_box=\box53
\g__pdf_backend_object_int=\count272
\g__pdf_backend_annotation_int=\count273
\g__pdf_backend_link_int=\count274
))
Package: xpatch 2020/03/25 v0.3a Extending etoolbox patching commands
(/Users/danielfurth/Library/TinyTeX/texmf-dist/tex/latex/l3packages/xparse/xparse.sty
Package: xparse 2023-10-10 L3 Experimental document command parser
) (/Users/danielfurth/Library/TinyTeX/texmf-dist/tex/latex/etoolbox/etoolbox.sty
Package: etoolbox 2020/10/05 v2.5k e-TeX tools for LaTeX (JAW)
\etb@tempcnta=\count275
)) (/Users/danielfurth/Library/TinyTeX/texmf-dist/tex/latex/xcolor/xcolor.sty
Package: xcolor 2023/11/15 v3.01 LaTeX color extensions (UK)
(/Users/danielfurth/Library/TinyTeX/texmf-dist/tex/latex/graphics-cfg/color.cfg
File: color.cfg 2016/01/02 v1.6 sample color configuration
)
Package xcolor Info: Driver file: xetex.def on input line 274.
(/Users/danielfurth/Library/TinyTeX/texmf-dist/tex/latex/graphics-def/xetex.def
File: xetex.def 2022/09/22 v5.0n Graphics/color driver for xetex
) (/Users/danielfurth/Library/TinyTeX/texmf-dist/tex/latex/graphics/mathcolor.ltx)
Package xcolor Info: Model `cmy' substituted by `cmy0' on input line 1350.
Package xcolor Info: Model `RGB' extended on input line 1366.
Package xcolor Info: Model `HTML' substituted by `rgb' on input line 1368.
Package xcolor Info: Model `Hsb' substituted by `hsb' on input line 1369.
Package xcolor Info: Model `tHsb' substituted by `hsb' on input line 1370.
Package xcolor Info: Model `HSB' substituted by `hsb' on input line 1371.
Package xcolor Info: Model `Gray' substituted by `gray' on input line 1372.
Package xcolor Info: Model `wave' substituted by `hsb' on input line 1373.
) (/Users/danielfurth/Library/TinyTeX/texmf-dist/tex/latex/graphics/dvipsnam.def
File: dvipsnam.def 2016/06/17 v3.0m Driver-dependent file (DPC,SPQR)
) (/Users/danielfurth/Library/TinyTeX/texmf-dist/tex/latex/xcolor/svgnam.def
File: svgnam.def 2023/11/15 v3.01 Predefined colors according to SVG 1.1 (UK)
) (/Users/danielfurth/Library/TinyTeX/texmf-dist/tex/latex/xcolor/x11nam.def
File: x11nam.def 2023/11/15 v3.01 Predefined colors according to Unix/X11 (UK)
) (/Users/danielfurth/Library/TinyTeX/texmf-dist/tex/generic/iftex/iftex.sty
Package: iftex 2022/02/03 v1.0f TeX engine tests
) (/Users/danielfurth/Library/TinyTeX/texmf-dist/tex/latex/xkeyval/xkeyval.sty
Package: xkeyval 2022/06/16 v2.9 package option processing (HA)
(/Users/danielfurth/Library/TinyTeX/texmf-dist/tex/generic/xkeyval/xkeyval.tex (/Users/danielfurth/Library/TinyTeX/texmf-dist/tex/generic/xkeyval/xkvutils.tex
\XKV@toks=\toks24
\XKV@tempa@toks=\toks25
(/Users/danielfurth/Library/TinyTeX/texmf-dist/tex/generic/xkeyval/keyval.tex))
\XKV@depth=\count276
File: xkeyval.tex 2014/12/03 v2.7a key=value parser (HA)
)) (/Users/danielfurth/Library/TinyTeX/texmf-dist/tex/latex/base/textcomp.sty
Package: textcomp 2020/02/02 v2.0n Standard LaTeX package
) (/Users/danielfurth/Library/TinyTeX/texmf-dist/tex/generic/xstring/xstring.sty (/Users/danielfurth/Library/TinyTeX/texmf-dist/tex/generic/xstring/xstring.tex
\xs_counta=\count277
\xs_countb=\count278
)
Package: xstring 2023/08/22 v1.86 String manipulations (CT)
) (/Users/danielfurth/Library/TinyTeX/texmf-dist/tex/latex/base/ifthen.sty
Package: ifthen 2022/04/13 v1.1d Standard LaTeX ifthen package (DPC)
) (/Users/danielfurth/Library/TinyTeX/texmf-dist/tex/latex/carlisle/scalefnt.sty)
LaTeX Font Info:    Setting ntxLF sub-encoding to TS1/0 on input line 24.
LaTeX Font Info:    Setting ntxTLF sub-encoding to TS1/0 on input line 24.
LaTeX Font Info:    Setting ntxOsF sub-encoding to TS1/0 on input line 24.
LaTeX Font Info:    Setting ntxTOsF sub-encoding to TS1/0 on input line 24.
(/Users/danielfurth/Library/TinyTeX/texmf-dist/tex/generic/kastrup/binhex.tex)
\ntx@tmpcnta=\count279
\ntx@cnt=\count280
(/Users/danielfurth/Library/TinyTeX/texmf-dist/tex/latex/fontspec/fontspec.sty
Package: fontspec 2022/01/15 v2.8a Font selection for XeLaTeX and LuaLaTeX
(/Users/danielfurth/Library/TinyTeX/texmf-dist/tex/latex/fontspec/fontspec-xetex.sty
Package: fontspec-xetex 2022/01/15 v2.8a Font selection for XeLaTeX and LuaLaTeX
\l__fontspec_script_int=\count281
\l__fontspec_language_int=\count282
\l__fontspec_strnum_int=\count283
\l__fontspec_tmp_int=\count284
\l__fontspec_tmpa_int=\count285
\l__fontspec_tmpb_int=\count286
\l__fontspec_tmpc_int=\count287
\l__fontspec_em_int=\count288
\l__fontspec_emdef_int=\count289
\l__fontspec_strong_int=\count290
\l__fontspec_strongdef_int=\count291
\l__fontspec_tmpa_dim=\dimen152
\l__fontspec_tmpb_dim=\dimen153
\l__fontspec_tmpc_dim=\dimen154
(/Users/danielfurth/Library/TinyTeX/texmf-dist/tex/latex/base/fontenc.sty
Package: fontenc 2021/04/29 v2.0v Standard LaTeX package
) (/Users/danielfurth/Library/TinyTeX/texmf-dist/tex/latex/fontspec/fontspec.cfg)))
LaTeX Info: Redefining \oldstylenums on input line 602.
LaTeX Info: Redefining \liningnums on input line 606.
\tx@sixem=\dimen155
\tx@y=\dimen156
\tx@x=\dimen157
\tx@tmpdima=\dimen158
\tx@tmpdimb=\dimen159
\tx@tmpdimc=\dimen160
\tx@tmpdimd=\dimen161
\tx@tmpdime=\dimen162
\tx@tmpdimf=\dimen163
\tx@dimA=\dimen164
\tx@dimAA=\dimen165
\tx@dimB=\dimen166
\tx@dimBB=\dimen167
\tx@dimC=\dimen168
) (/Users/danielfurth/Library/TinyTeX/texmf-dist/tex/latex/lm/lmodern.sty
Package: lmodern 2015/05/01 v1.6.1 Latin Modern Fonts
LaTeX Font Info:    Overwriting symbol font `operators' in version `normal'
(Font)                  OT1/cmr/m/n --> OT1/lmr/m/n on input line 22.
LaTeX Font Info:    Overwriting symbol font `letters' in version `normal'
(Font)                  OML/cmm/m/it --> OML/lmm/m/it on input line 23.
LaTeX Font Info:    Overwriting symbol font `symbols' in version `normal'
(Font)                  OMS/cmsy/m/n --> OMS/lmsy/m/n on input line 24.
LaTeX Font Info:    Overwriting symbol font `largesymbols' in version `normal'
(Font)                  OMX/cmex/m/n --> OMX/lmex/m/n on input line 25.
LaTeX Font Info:    Overwriting symbol font `operators' in version `bold'
(Font)                  OT1/cmr/bx/n --> OT1/lmr/bx/n on input line 26.
LaTeX Font Info:    Overwriting symbol font `letters' in version `bold'
(Font)                  OML/cmm/b/it --> OML/lmm/b/it on input line 27.
LaTeX Font Info:    Overwriting symbol font `symbols' in version `bold'
(Font)                  OMS/cmsy/b/n --> OMS/lmsy/b/n on input line 28.
LaTeX Font Info:    Overwriting symbol font `largesymbols' in version `bold'
(Font)                  OMX/cmex/m/n --> OMX/lmex/m/n on input line 29.
LaTeX Font Info:    Overwriting math alphabet `\mathbf' in version `normal'
(Font)                  OT1/cmr/bx/n --> OT1/lmr/bx/n on input line 31.
LaTeX Font Info:    Overwriting math alphabet `\mathsf' in version `normal'
(Font)                  OT1/cmss/m/n --> OT1/lmss/m/n on input line 32.
LaTeX Font Info:    Overwriting math alphabet `\mathit' in version `normal'
(Font)                  OT1/cmr/m/it --> OT1/lmr/m/it on input line 33.
LaTeX Font Info:    Overwriting math alphabet `\mathtt' in version `normal'
(Font)                  OT1/cmtt/m/n --> OT1/lmtt/m/n on input line 34.
LaTeX Font Info:    Overwriting math alphabet `\mathbf' in version `bold'
(Font)                  OT1/cmr/bx/n --> OT1/lmr/bx/n on input line 35.
LaTeX Font Info:    Overwriting math alphabet `\mathsf' in version `bold'
(Font)                  OT1/cmss/bx/n --> OT1/lmss/bx/n on input line 36.
LaTeX Font Info:    Overwriting math alphabet `\mathit' in version `bold'
(Font)                  OT1/cmr/bx/it --> OT1/lmr/bx/it on input line 37.
LaTeX Font Info:    Overwriting math alphabet `\mathtt' in version `bold'
(Font)                  OT1/cmtt/m/n --> OT1/lmtt/m/n on input line 38.
) (/Users/danielfurth/Library/TinyTeX/texmf-dist/tex/latex/psnfss/mathptmx.sty
Package: mathptmx 2020/03/25 PSNFSS-v9.3 Times w/ Math, improved (SPQR, WaS) 
LaTeX Font Info:    Redeclaring symbol font `operators' on input line 28.
LaTeX Font Info:    Overwriting symbol font `operators' in version `normal'
(Font)                  OT1/lmr/m/n --> OT1/ztmcm/m/n on input line 28.
LaTeX Font Info:    Overwriting symbol font `operators' in version `bold'
(Font)                  OT1/lmr/bx/n --> OT1/ztmcm/m/n on input line 28.
LaTeX Font Info:    Redeclaring symbol font `letters' on input line 29.
LaTeX Font Info:    Overwriting symbol font `letters' in version `normal'
(Font)                  OML/lmm/m/it --> OML/ztmcm/m/it on input line 29.
LaTeX Font Info:    Overwriting symbol font `letters' in version `bold'
(Font)                  OML/lmm/b/it --> OML/ztmcm/m/it on input line 29.
LaTeX Font Info:    Redeclaring symbol font `symbols' on input line 30.
LaTeX Font Info:    Overwriting symbol font `symbols' in version `normal'
(Font)                  OMS/lmsy/m/n --> OMS/ztmcm/m/n on input line 30.
LaTeX Font Info:    Overwriting symbol font `symbols' in version `bold'
(Font)                  OMS/lmsy/b/n --> OMS/ztmcm/m/n on input line 30.
LaTeX Font Info:    Redeclaring symbol font `largesymbols' on input line 31.
LaTeX Font Info:    Overwriting symbol font `largesymbols' in version `normal'
(Font)                  OMX/lmex/m/n --> OMX/ztmcm/m/n on input line 31.
LaTeX Font Info:    Overwriting symbol font `largesymbols' in version `bold'
(Font)                  OMX/lmex/m/n --> OMX/ztmcm/m/n on input line 31.
\symbold=\mathgroup6
\symitalic=\mathgroup7
LaTeX Font Info:    Redeclaring math alphabet \mathbf on input line 34.
LaTeX Font Info:    Overwriting math alphabet `\mathbf' in version `normal'
(Font)                  OT1/lmr/bx/n --> OT1/ptm/bx/n on input line 34.
LaTeX Font Info:    Overwriting math alphabet `\mathbf' in version `bold'
(Font)                  OT1/lmr/bx/n --> OT1/ptm/bx/n on input line 34.
LaTeX Font Info:    Redeclaring math alphabet \mathit on input line 35.
LaTeX Font Info:    Overwriting math alphabet `\mathit' in version `normal'
(Font)                  OT1/lmr/m/it --> OT1/ptm/m/it on input line 35.
LaTeX Font Info:    Overwriting math alphabet `\mathit' in version `bold'
(Font)                  OT1/lmr/bx/it --> OT1/ptm/m/it on input line 35.
LaTeX Info: Redefining \hbar on input line 50.
) (/Users/danielfurth/Library/TinyTeX/texmf-dist/tex/latex/psnfss/helvet.sty
Package: helvet 2020/03/25 PSNFSS-v9.3 (WaS) 
) (/Users/danielfurth/Library/TinyTeX/texmf-dist/tex/latex/lettrine/lettrine.sty
File: lettrine.sty 2024-01-20 v2.60 (Daniel Flipo)
(/Users/danielfurth/Library/TinyTeX/texmf-dist/tex/latex/l3packages/xfp/xfp.sty
Package: xfp 2023-10-10 L3 Floating point unit
)
\c@DefaultLines=\count292
\c@DefaultDepth=\count293
\DefaultFindent=\dimen169
\DefaultNindent=\dimen170
\DefaultSlope=\dimen171
\DiscardVskip=\dimen172
\L@lettrine=\box54
\L@lbox=\box55
\L@tbox=\box56
\c@L@lines=\count294
\c@L@depth=\count295
\L@Pindent=\dimen173
\L@Findent=\dimen174
\L@Nindent=\dimen175
\L@lraise=\dimen176
\L@first=\dimen177
\L@next=\dimen178
\L@slope=\dimen179
\L@height=\dimen180
\L@novskip=\dimen181
\L@ruleht=\dimen182
\L@target@ht=\dimen183
\L@target@dp=\dimen184
\L@target@tht=\dimen185
\LettrineWidth=\dimen186
\LettrineHeight=\dimen187
\LettrineDepth=\dimen188
Loading lettrine.cfg
(/Users/danielfurth/Library/TinyTeX/texmf-dist/tex/latex/lettrine/lettrine.cfg)
\Llist@everypar=\toks26
) (/Users/danielfurth/Library/TinyTeX/texmf-dist/tex/latex/tools/afterpage.sty
Package: afterpage 2023/07/04 v1.08 After-Page Package (DPC)
\AP@output=\toks27
\AP@partial=\box57
\AP@footins=\box58
) (/Users/danielfurth/Library/TinyTeX/texmf-dist/tex/generic/iftex/ifpdf.sty
Package: ifpdf 2019/10/25 v3.4 ifpdf legacy package. Use iftex instead.
) (/Users/danielfurth/Library/TinyTeX/texmf-dist/tex/generic/iftex/ifxetex.sty
Package: ifxetex 2019/10/25 v0.7 ifxetex legacy package. Use iftex instead.
) (/Users/danielfurth/Library/TinyTeX/texmf-dist/tex/latex/pgf/frontendlayer/tikz.sty (/Users/danielfurth/Library/TinyTeX/texmf-dist/tex/latex/pgf/basiclayer/pgf.sty (/Users/danielfurth/Library/TinyTeX/texmf-dist/tex/latex/pgf/utilities/pgfrcs.sty (/Users/danielfurth/Library/TinyTeX/texmf-dist/tex/generic/pgf/utilities/pgfutil-common.tex
\pgfutil@everybye=\toks28
\pgfutil@tempdima=\dimen189
\pgfutil@tempdimb=\dimen190
) (/Users/danielfurth/Library/TinyTeX/texmf-dist/tex/generic/pgf/utilities/pgfutil-latex.def
\pgfutil@abb=\box59
) (/Users/danielfurth/Library/TinyTeX/texmf-dist/tex/generic/pgf/utilities/pgfrcs.code.tex (/Users/danielfurth/Library/TinyTeX/texmf-dist/tex/generic/pgf/pgf.revision.tex)
Package: pgfrcs 2023-01-15 v3.1.10 (3.1.10)
))
Package: pgf 2023-01-15 v3.1.10 (3.1.10)
(/Users/danielfurth/Library/TinyTeX/texmf-dist/tex/latex/pgf/basiclayer/pgfcore.sty (/Users/danielfurth/Library/TinyTeX/texmf-dist/tex/latex/graphics/graphicx.sty
Package: graphicx 2021/09/16 v1.2d Enhanced LaTeX Graphics (DPC,SPQR)
(/Users/danielfurth/Library/TinyTeX/texmf-dist/tex/latex/graphics/graphics.sty
Package: graphics 2022/03/10 v1.4e Standard LaTeX Graphics (DPC,SPQR)
(/Users/danielfurth/Library/TinyTeX/texmf-dist/tex/latex/graphics/trig.sty
Package: trig 2021/08/11 v1.11 sin cos tan (DPC)
) (/Users/danielfurth/Library/TinyTeX/texmf-dist/tex/latex/graphics-cfg/graphics.cfg
File: graphics.cfg 2016/06/04 v1.11 sample graphics configuration
)
Package graphics Info: Driver file: xetex.def on input line 107.
)
\Gin@req@height=\dimen191
\Gin@req@width=\dimen192
) (/Users/danielfurth/Library/TinyTeX/texmf-dist/tex/latex/pgf/systemlayer/pgfsys.sty (/Users/danielfurth/Library/TinyTeX/texmf-dist/tex/generic/pgf/systemlayer/pgfsys.code.tex
Package: pgfsys 2023-01-15 v3.1.10 (3.1.10)
(/Users/danielfurth/Library/TinyTeX/texmf-dist/tex/generic/pgf/utilities/pgfkeys.code.tex
\pgfkeys@pathtoks=\toks29
\pgfkeys@temptoks=\toks30
(/Users/danielfurth/Library/TinyTeX/texmf-dist/tex/generic/pgf/utilities/pgfkeyslibraryfiltered.code.tex
\pgfkeys@tmptoks=\toks31
))
\pgf@x=\dimen193
\pgf@y=\dimen194
\pgf@xa=\dimen195
\pgf@ya=\dimen196
\pgf@xb=\dimen197
\pgf@yb=\dimen198
\pgf@xc=\dimen199
\pgf@yc=\dimen256
\pgf@xd=\dimen257
\pgf@yd=\dimen258
\w@pgf@writea=\write3
\r@pgf@reada=\read3
\c@pgf@counta=\count296
\c@pgf@countb=\count297
\c@pgf@countc=\count298
\c@pgf@countd=\count299
\t@pgf@toka=\toks32
\t@pgf@tokb=\toks33
\t@pgf@tokc=\toks34
\pgf@sys@id@count=\count300
(/Users/danielfurth/Library/TinyTeX/texmf-dist/tex/generic/pgf/systemlayer/pgf.cfg
File: pgf.cfg 2023-01-15 v3.1.10 (3.1.10)
)
Driver file for pgf: pgfsys-xetex.def
(/Users/danielfurth/Library/TinyTeX/texmf-dist/tex/generic/pgf/systemlayer/pgfsys-xetex.def
File: pgfsys-xetex.def 2023-01-15 v3.1.10 (3.1.10)
(/Users/danielfurth/Library/TinyTeX/texmf-dist/tex/generic/pgf/systemlayer/pgfsys-dvipdfmx.def
File: pgfsys-dvipdfmx.def 2023-01-15 v3.1.10 (3.1.10)
(/Users/danielfurth/Library/TinyTeX/texmf-dist/tex/generic/pgf/systemlayer/pgfsys-common-pdf.def
File: pgfsys-common-pdf.def 2023-01-15 v3.1.10 (3.1.10)
)
\pgfsys@objnum=\count301
))) (/Users/danielfurth/Library/TinyTeX/texmf-dist/tex/generic/pgf/systemlayer/pgfsyssoftpath.code.tex
File: pgfsyssoftpath.code.tex 2023-01-15 v3.1.10 (3.1.10)
\pgfsyssoftpath@smallbuffer@items=\count302
\pgfsyssoftpath@bigbuffer@items=\count303
) (/Users/danielfurth/Library/TinyTeX/texmf-dist/tex/generic/pgf/systemlayer/pgfsysprotocol.code.tex
File: pgfsysprotocol.code.tex 2023-01-15 v3.1.10 (3.1.10)
)) (/Users/danielfurth/Library/TinyTeX/texmf-dist/tex/generic/pgf/basiclayer/pgfcore.code.tex
Package: pgfcore 2023-01-15 v3.1.10 (3.1.10)
(/Users/danielfurth/Library/TinyTeX/texmf-dist/tex/generic/pgf/math/pgfmath.code.tex (/Users/danielfurth/Library/TinyTeX/texmf-dist/tex/generic/pgf/math/pgfmathutil.code.tex) (/Users/danielfurth/Library/TinyTeX/texmf-dist/tex/generic/pgf/math/pgfmathparser.code.tex
\pgfmath@dimen=\dimen259
\pgfmath@count=\count304
\pgfmath@box=\box60
\pgfmath@toks=\toks35
\pgfmath@stack@operand=\toks36
\pgfmath@stack@operation=\toks37
) (/Users/danielfurth/Library/TinyTeX/texmf-dist/tex/generic/pgf/math/pgfmathfunctions.code.tex) (/Users/danielfurth/Library/TinyTeX/texmf-dist/tex/generic/pgf/math/pgfmathfunctions.basic.code.tex) (/Users/danielfurth/Library/TinyTeX/texmf-dist/tex/generic/pgf/math/pgfmathfunctions.trigonometric.code.tex) (/Users/danielfurth/Library/TinyTeX/texmf-dist/tex/generic/pgf/math/pgfmathfunctions.random.code.tex) (/Users/danielfurth/Library/TinyTeX/texmf-dist/tex/generic/pgf/math/pgfmathfunctions.comparison.code.tex) (/Users/danielfurth/Library/TinyTeX/texmf-dist/tex/generic/pgf/math/pgfmathfunctions.base.code.tex) (/Users/danielfurth/Library/TinyTeX/texmf-dist/tex/generic/pgf/math/pgfmathfunctions.round.code.tex) (/Users/danielfurth/Library/TinyTeX/texmf-dist/tex/generic/pgf/math/pgfmathfunctions.misc.code.tex) (/Users/danielfurth/Library/TinyTeX/texmf-dist/tex/generic/pgf/math/pgfmathfunctions.integerarithmetics.code.tex) (/Users/danielfurth/Library/TinyTeX/texmf-dist/tex/generic/pgf/math/pgfmathcalc.code.tex) (/Users/danielfurth/Library/TinyTeX/texmf-dist/tex/generic/pgf/math/pgfmathfloat.code.tex
\c@pgfmathroundto@lastzeros=\count305
)) (/Users/danielfurth/Library/TinyTeX/texmf-dist/tex/generic/pgf/math/pgfint.code.tex) (/Users/danielfurth/Library/TinyTeX/texmf-dist/tex/generic/pgf/basiclayer/pgfcorepoints.code.tex
File: pgfcorepoints.code.tex 2023-01-15 v3.1.10 (3.1.10)
\pgf@picminx=\dimen260
\pgf@picmaxx=\dimen261
\pgf@picminy=\dimen262
\pgf@picmaxy=\dimen263
\pgf@pathminx=\dimen264
\pgf@pathmaxx=\dimen265
\pgf@pathminy=\dimen266
\pgf@pathmaxy=\dimen267
\pgf@xx=\dimen268
\pgf@xy=\dimen269
\pgf@yx=\dimen270
\pgf@yy=\dimen271
\pgf@zx=\dimen272
\pgf@zy=\dimen273
) (/Users/danielfurth/Library/TinyTeX/texmf-dist/tex/generic/pgf/basiclayer/pgfcorepathconstruct.code.tex
File: pgfcorepathconstruct.code.tex 2023-01-15 v3.1.10 (3.1.10)
\pgf@path@lastx=\dimen274
\pgf@path@lasty=\dimen275
) (/Users/danielfurth/Library/TinyTeX/texmf-dist/tex/generic/pgf/basiclayer/pgfcorepathusage.code.tex
File: pgfcorepathusage.code.tex 2023-01-15 v3.1.10 (3.1.10)
\pgf@shorten@end@additional=\dimen276
\pgf@shorten@start@additional=\dimen277
) (/Users/danielfurth/Library/TinyTeX/texmf-dist/tex/generic/pgf/basiclayer/pgfcorescopes.code.tex
File: pgfcorescopes.code.tex 2023-01-15 v3.1.10 (3.1.10)
\pgfpic=\box61
\pgf@hbox=\box62
\pgf@layerbox@main=\box63
\pgf@picture@serial@count=\count306
) (/Users/danielfurth/Library/TinyTeX/texmf-dist/tex/generic/pgf/basiclayer/pgfcoregraphicstate.code.tex
File: pgfcoregraphicstate.code.tex 2023-01-15 v3.1.10 (3.1.10)
\pgflinewidth=\dimen278
) (/Users/danielfurth/Library/TinyTeX/texmf-dist/tex/generic/pgf/basiclayer/pgfcoretransformations.code.tex
File: pgfcoretransformations.code.tex 2023-01-15 v3.1.10 (3.1.10)
\pgf@pt@x=\dimen279
\pgf@pt@y=\dimen280
\pgf@pt@temp=\dimen281
) (/Users/danielfurth/Library/TinyTeX/texmf-dist/tex/generic/pgf/basiclayer/pgfcorequick.code.tex
File: pgfcorequick.code.tex 2023-01-15 v3.1.10 (3.1.10)
) (/Users/danielfurth/Library/TinyTeX/texmf-dist/tex/generic/pgf/basiclayer/pgfcoreobjects.code.tex
File: pgfcoreobjects.code.tex 2023-01-15 v3.1.10 (3.1.10)
) (/Users/danielfurth/Library/TinyTeX/texmf-dist/tex/generic/pgf/basiclayer/pgfcorepathprocessing.code.tex
File: pgfcorepathprocessing.code.tex 2023-01-15 v3.1.10 (3.1.10)
) (/Users/danielfurth/Library/TinyTeX/texmf-dist/tex/generic/pgf/basiclayer/pgfcorearrows.code.tex
File: pgfcorearrows.code.tex 2023-01-15 v3.1.10 (3.1.10)
\pgfarrowsep=\dimen282
) (/Users/danielfurth/Library/TinyTeX/texmf-dist/tex/generic/pgf/basiclayer/pgfcoreshade.code.tex
File: pgfcoreshade.code.tex 2023-01-15 v3.1.10 (3.1.10)
\pgf@max=\dimen283
\pgf@sys@shading@range@num=\count307
\pgf@shadingcount=\count308
) (/Users/danielfurth/Library/TinyTeX/texmf-dist/tex/generic/pgf/basiclayer/pgfcoreimage.code.tex
File: pgfcoreimage.code.tex 2023-01-15 v3.1.10 (3.1.10)
) (/Users/danielfurth/Library/TinyTeX/texmf-dist/tex/generic/pgf/basiclayer/pgfcoreexternal.code.tex
File: pgfcoreexternal.code.tex 2023-01-15 v3.1.10 (3.1.10)
\pgfexternal@startupbox=\box64
) (/Users/danielfurth/Library/TinyTeX/texmf-dist/tex/generic/pgf/basiclayer/pgfcorelayers.code.tex
File: pgfcorelayers.code.tex 2023-01-15 v3.1.10 (3.1.10)
) (/Users/danielfurth/Library/TinyTeX/texmf-dist/tex/generic/pgf/basiclayer/pgfcoretransparency.code.tex
File: pgfcoretransparency.code.tex 2023-01-15 v3.1.10 (3.1.10)
) (/Users/danielfurth/Library/TinyTeX/texmf-dist/tex/generic/pgf/basiclayer/pgfcorepatterns.code.tex
File: pgfcorepatterns.code.tex 2023-01-15 v3.1.10 (3.1.10)
) (/Users/danielfurth/Library/TinyTeX/texmf-dist/tex/generic/pgf/basiclayer/pgfcorerdf.code.tex
File: pgfcorerdf.code.tex 2023-01-15 v3.1.10 (3.1.10)
))) (/Users/danielfurth/Library/TinyTeX/texmf-dist/tex/generic/pgf/modules/pgfmoduleshapes.code.tex
File: pgfmoduleshapes.code.tex 2023-01-15 v3.1.10 (3.1.10)
\pgfnodeparttextbox=\box65
) (/Users/danielfurth/Library/TinyTeX/texmf-dist/tex/generic/pgf/modules/pgfmoduleplot.code.tex
File: pgfmoduleplot.code.tex 2023-01-15 v3.1.10 (3.1.10)
) (/Users/danielfurth/Library/TinyTeX/texmf-dist/tex/latex/pgf/compatibility/pgfcomp-version-0-65.sty
Package: pgfcomp-version-0-65 2023-01-15 v3.1.10 (3.1.10)
\pgf@nodesepstart=\dimen284
\pgf@nodesepend=\dimen285
) (/Users/danielfurth/Library/TinyTeX/texmf-dist/tex/latex/pgf/compatibility/pgfcomp-version-1-18.sty
Package: pgfcomp-version-1-18 2023-01-15 v3.1.10 (3.1.10)
)) (/Users/danielfurth/Library/TinyTeX/texmf-dist/tex/latex/pgf/utilities/pgffor.sty (/Users/danielfurth/Library/TinyTeX/texmf-dist/tex/latex/pgf/utilities/pgfkeys.sty (/Users/danielfurth/Library/TinyTeX/texmf-dist/tex/generic/pgf/utilities/pgfkeys.code.tex)) (/Users/danielfurth/Library/TinyTeX/texmf-dist/tex/latex/pgf/math/pgfmath.sty (/Users/danielfurth/Library/TinyTeX/texmf-dist/tex/generic/pgf/math/pgfmath.code.tex)) (/Users/danielfurth/Library/TinyTeX/texmf-dist/tex/generic/pgf/utilities/pgffor.code.tex
Package: pgffor 2023-01-15 v3.1.10 (3.1.10)
\pgffor@iter=\dimen286
\pgffor@skip=\dimen287
\pgffor@stack=\toks38
\pgffor@toks=\toks39
)) (/Users/danielfurth/Library/TinyTeX/texmf-dist/tex/generic/pgf/frontendlayer/tikz/tikz.code.tex
Package: tikz 2023-01-15 v3.1.10 (3.1.10)
(/Users/danielfurth/Library/TinyTeX/texmf-dist/tex/generic/pgf/libraries/pgflibraryplothandlers.code.tex
File: pgflibraryplothandlers.code.tex 2023-01-15 v3.1.10 (3.1.10)
\pgf@plot@mark@count=\count309
\pgfplotmarksize=\dimen288
)
\tikz@lastx=\dimen289
\tikz@lasty=\dimen290
\tikz@lastxsaved=\dimen291
\tikz@lastysaved=\dimen292
\tikz@lastmovetox=\dimen293
\tikz@lastmovetoy=\dimen294
\tikzleveldistance=\dimen295
\tikzsiblingdistance=\dimen296
\tikz@figbox=\box66
\tikz@figbox@bg=\box67
\tikz@tempbox=\box68
\tikz@tempbox@bg=\box69
\tikztreelevel=\count310
\tikznumberofchildren=\count311
\tikznumberofcurrentchild=\count312
\tikz@fig@count=\count313
(/Users/danielfurth/Library/TinyTeX/texmf-dist/tex/generic/pgf/modules/pgfmodulematrix.code.tex
File: pgfmodulematrix.code.tex 2023-01-15 v3.1.10 (3.1.10)
\pgfmatrixcurrentrow=\count314
\pgfmatrixcurrentcolumn=\count315
\pgf@matrix@numberofcolumns=\count316
)
\tikz@expandcount=\count317
(/Users/danielfurth/Library/TinyTeX/texmf-dist/tex/generic/pgf/frontendlayer/tikz/libraries/tikzlibrarytopaths.code.tex
File: tikzlibrarytopaths.code.tex 2023-01-15 v3.1.10 (3.1.10)
))) (/Users/danielfurth/Library/TinyTeX/texmf-dist/tex/latex/mdframed/mdframed.sty
Package: mdframed 2013/07/01 1.9b: mdframed
(/Users/danielfurth/Library/TinyTeX/texmf-dist/tex/latex/kvoptions/kvoptions.sty
Package: kvoptions 2022-06-15 v3.15 Key value format for package options (HO)
(/Users/danielfurth/Library/TinyTeX/texmf-dist/tex/generic/ltxcmds/ltxcmds.sty
Package: ltxcmds 2023-12-04 v1.26 LaTeX kernel commands for general use (HO)
) (/Users/danielfurth/Library/TinyTeX/texmf-dist/tex/latex/kvsetkeys/kvsetkeys.sty
Package: kvsetkeys 2022-10-05 v1.19 Key value parser (HO)
)) (/Users/danielfurth/Library/TinyTeX/texmf-dist/tex/latex/zref/zref-abspage.sty
Package: zref-abspage 2023-09-14 v2.35 Module abspage for zref (HO)
(/Users/danielfurth/Library/TinyTeX/texmf-dist/tex/latex/zref/zref-base.sty
Package: zref-base 2023-09-14 v2.35 Module base for zref (HO)
(/Users/danielfurth/Library/TinyTeX/texmf-dist/tex/generic/infwarerr/infwarerr.sty
Package: infwarerr 2019/12/03 v1.5 Providing info/warning/error messages (HO)
) (/Users/danielfurth/Library/TinyTeX/texmf-dist/tex/generic/kvdefinekeys/kvdefinekeys.sty
Package: kvdefinekeys 2019-12-19 v1.6 Define keys (HO)
) (/Users/danielfurth/Library/TinyTeX/texmf-dist/tex/generic/pdftexcmds/pdftexcmds.sty
Package: pdftexcmds 2020-06-27 v0.33 Utility functions of pdfTeX for LuaTeX (HO)
Package pdftexcmds Info: \pdf@primitive is available.
Package pdftexcmds Info: \pdf@ifprimitive is available.
Package pdftexcmds Info: \pdfdraftmode not found.
) (/Users/danielfurth/Library/TinyTeX/texmf-dist/tex/generic/etexcmds/etexcmds.sty
Package: etexcmds 2019/12/15 v1.7 Avoid name clashes with e-TeX commands (HO)
) (/Users/danielfurth/Library/TinyTeX/texmf-dist/tex/latex/auxhook/auxhook.sty
Package: auxhook 2019-12-17 v1.6 Hooks for auxiliary files (HO)
)
Package zref Info: New property list: main on input line 767.
Package zref Info: New property: default on input line 768.
Package zref Info: New property: page on input line 769.
)
\c@abspage=\count318
Package zref Info: New property: abspage on input line 67.
) (/Users/danielfurth/Library/TinyTeX/texmf-dist/tex/latex/needspace/needspace.sty
Package: needspace 2010/09/12 v1.3d reserve vertical space
)
\mdf@templength=\skip53
\c@mdf@globalstyle@cnt=\count319
\mdf@skipabove@length=\skip54
\mdf@skipbelow@length=\skip55
\mdf@leftmargin@length=\skip56
\mdf@rightmargin@length=\skip57
\mdf@innerleftmargin@length=\skip58
\mdf@innerrightmargin@length=\skip59
\mdf@innertopmargin@length=\skip60
\mdf@innerbottommargin@length=\skip61
\mdf@splittopskip@length=\skip62
\mdf@splitbottomskip@length=\skip63
\mdf@outermargin@length=\skip64
\mdf@innermargin@length=\skip65
\mdf@linewidth@length=\skip66
\mdf@innerlinewidth@length=\skip67
\mdf@middlelinewidth@length=\skip68
\mdf@outerlinewidth@length=\skip69
\mdf@roundcorner@length=\skip70
\mdf@footenotedistance@length=\skip71
\mdf@userdefinedwidth@length=\skip72
\mdf@needspace@length=\skip73
\mdf@frametitleaboveskip@length=\skip74
\mdf@frametitlebelowskip@length=\skip75
\mdf@frametitlerulewidth@length=\skip76
\mdf@frametitleleftmargin@length=\skip77
\mdf@frametitlerightmargin@length=\skip78
\mdf@shadowsize@length=\skip79
\mdf@extratopheight@length=\skip80
\mdf@subtitleabovelinewidth@length=\skip81
\mdf@subtitlebelowlinewidth@length=\skip82
\mdf@subtitleaboveskip@length=\skip83
\mdf@subtitlebelowskip@length=\skip84
\mdf@subtitleinneraboveskip@length=\skip85
\mdf@subtitleinnerbelowskip@length=\skip86
\mdf@subsubtitleabovelinewidth@length=\skip87
\mdf@subsubtitlebelowlinewidth@length=\skip88
\mdf@subsubtitleaboveskip@length=\skip89
\mdf@subsubtitlebelowskip@length=\skip90
\mdf@subsubtitleinneraboveskip@length=\skip91
\mdf@subsubtitleinnerbelowskip@length=\skip92
(/Users/danielfurth/Library/TinyTeX/texmf-dist/tex/latex/mdframed/md-frame-1.mdf
File: md-frame-1.mdf 2013/07/01\ 1.9b: md-frame-1
)
\mdf@frametitlebox=\box70
\mdf@footnotebox=\box71
\mdf@splitbox@one=\box72
\mdf@splitbox@two=\box73
\mdf@splitbox@save=\box74
\mdfsplitboxwidth=\skip93
\mdfsplitboxtotalwidth=\skip94
\mdfsplitboxheight=\skip95
\mdfsplitboxdepth=\skip96
\mdfsplitboxtotalheight=\skip97
\mdfframetitleboxwidth=\skip98
\mdfframetitleboxtotalwidth=\skip99
\mdfframetitleboxheight=\skip100
\mdfframetitleboxdepth=\skip101
\mdfframetitleboxtotalheight=\skip102
\mdffootnoteboxwidth=\skip103
\mdffootnoteboxtotalwidth=\skip104
\mdffootnoteboxheight=\skip105
\mdffootnoteboxdepth=\skip106
\mdffootnoteboxtotalheight=\skip107
\mdftotallinewidth=\skip108
\mdfboundingboxwidth=\skip109
\mdfboundingboxtotalwidth=\skip110
\mdfboundingboxheight=\skip111
\mdfboundingboxdepth=\skip112
\mdfboundingboxtotalheight=\skip113
\mdf@freevspace@length=\skip114
\mdf@horizontalwidthofbox@length=\skip115
\mdf@verticalmarginwhole@length=\skip116
\mdf@horizontalspaceofbox=\skip117
\mdfsubtitleheight=\skip118
\mdfsubsubtitleheight=\skip119
\c@mdfcountframes=\count320

****** mdframed patching \endmdf@trivlist

****** -- success******

\mdf@envdepth=\count321
\c@mdf@env@i=\count322
\c@mdf@env@ii=\count323
\c@mdf@zref@counter=\count324
Package zref Info: New property: mdf@pagevalue on input line 895.
) (/Users/danielfurth/Library/TinyTeX/texmf-dist/tex/latex/hyperref/hyperref.sty
Package: hyperref 2024-01-20 v7.01h Hypertext links for LaTeX
(/Users/danielfurth/Library/TinyTeX/texmf-dist/tex/generic/pdfescape/pdfescape.sty
Package: pdfescape 2019/12/09 v1.15 Implements pdfTeX's escape features (HO)
) (/Users/danielfurth/Library/TinyTeX/texmf-dist/tex/latex/hycolor/hycolor.sty
Package: hycolor 2020-01-27 v1.10 Color options for hyperref/bookmark (HO)
) (/Users/danielfurth/Library/TinyTeX/texmf-dist/tex/latex/hyperref/nameref.sty
Package: nameref 2023-11-26 v2.56 Cross-referencing by name of section
(/Users/danielfurth/Library/TinyTeX/texmf-dist/tex/latex/refcount/refcount.sty
Package: refcount 2019/12/15 v3.6 Data extraction from label references (HO)
) (/Users/danielfurth/Library/TinyTeX/texmf-dist/tex/generic/gettitlestring/gettitlestring.sty
Package: gettitlestring 2019/12/15 v1.6 Cleanup title references (HO)
)
\c@section@level=\count325
)
\@linkdim=\dimen297
\Hy@linkcounter=\count326
\Hy@pagecounter=\count327
(/Users/danielfurth/Library/TinyTeX/texmf-dist/tex/latex/hyperref/pd1enc.def
File: pd1enc.def 2024-01-20 v7.01h Hyperref: PDFDocEncoding definition (HO)
) (/Users/danielfurth/Library/TinyTeX/texmf-dist/tex/generic/intcalc/intcalc.sty
Package: intcalc 2019/12/15 v1.3 Expandable calculations with integers (HO)
)
\Hy@SavedSpaceFactor=\count328
(/Users/danielfurth/Library/TinyTeX/texmf-dist/tex/latex/hyperref/puenc.def
File: puenc.def 2024-01-20 v7.01h Hyperref: PDF Unicode definition (HO)
)
Package hyperref Info: Option `unicode' set `true' on input line 4062.
Package hyperref Info: Option `colorlinks' set `true' on input line 4062.
Package hyperref Info: Hyper figures OFF on input line 4179.
Package hyperref Info: Link nesting OFF on input line 4184.
Package hyperref Info: Hyper index ON on input line 4187.
Package hyperref Info: Plain pages OFF on input line 4194.
Package hyperref Info: Backreferencing OFF on input line 4199.
Package hyperref Info: Implicit mode ON; LaTeX internals redefined.
Package hyperref Info: Bookmarks ON on input line 4446.
\c@Hy@tempcnt=\count329
(/Users/danielfurth/Library/TinyTeX/texmf-dist/tex/latex/url/url.sty
\Urlmuskip=\muskip17
Package: url 2013/09/16  ver 3.4  Verb mode for urls, etc.
)
LaTeX Info: Redefining \url on input line 4784.
\XeTeXLinkMargin=\dimen298
(/Users/danielfurth/Library/TinyTeX/texmf-dist/tex/generic/bitset/bitset.sty
Package: bitset 2019/12/09 v1.3 Handle bit-vector datatype (HO)
(/Users/danielfurth/Library/TinyTeX/texmf-dist/tex/generic/bigintcalc/bigintcalc.sty
Package: bigintcalc 2019/12/15 v1.5 Expandable calculations on big integers (HO)
))
\Fld@menulength=\count330
\Field@Width=\dimen299
\Fld@charsize=\dimen300
Package hyperref Info: Hyper figures OFF on input line 6063.
Package hyperref Info: Link nesting OFF on input line 6068.
Package hyperref Info: Hyper index ON on input line 6071.
Package hyperref Info: backreferencing OFF on input line 6078.
Package hyperref Info: Link coloring ON on input line 6081.
Package hyperref Info: Link coloring with OCG OFF on input line 6088.
Package hyperref Info: PDF/A mode OFF on input line 6093.
(/Users/danielfurth/Library/TinyTeX/texmf-dist/tex/latex/base/atbegshi-ltx.sty
Package: atbegshi-ltx 2021/01/10 v1.0c Emulation of the original atbegshi
package with kernel methods
)
\Hy@abspage=\count331
\c@Item=\count332
\c@Hfootnote=\count333
)
Package hyperref Info: Driver (autodetected): hxetex.
(/Users/danielfurth/Library/TinyTeX/texmf-dist/tex/latex/hyperref/hxetex.def
File: hxetex.def 2024-01-20 v7.01h Hyperref driver for XeTeX
(/Users/danielfurth/Library/TinyTeX/texmf-dist/tex/generic/stringenc/stringenc.sty
Package: stringenc 2019/11/29 v1.12 Convert strings between diff. encodings (HO)
)
\pdfm@box=\box75
\c@Hy@AnnotLevel=\count334
\HyField@AnnotCount=\count335
\Fld@listcount=\count336
\c@bookmark@seq@number=\count337
(/Users/danielfurth/Library/TinyTeX/texmf-dist/tex/latex/rerunfilecheck/rerunfilecheck.sty
Package: rerunfilecheck 2022-07-10 v1.10 Rerun checks for auxiliary files (HO)
(/Users/danielfurth/Library/TinyTeX/texmf-dist/tex/latex/base/atveryend-ltx.sty
Package: atveryend-ltx 2020/08/19 v1.0a Emulation of the original atveryend package
with kernel methods
) (/Users/danielfurth/Library/TinyTeX/texmf-dist/tex/generic/uniquecounter/uniquecounter.sty
Package: uniquecounter 2019/12/15 v1.4 Provide unlimited unique counter (HO)
)
Package uniquecounter Info: New unique counter `rerunfilecheck' on input line 285.
)
\Hy@SectionHShift=\skip120
) (/Users/danielfurth/Library/TinyTeX/texmf-dist/tex/latex/placeins/placeins.sty
Package: placeins 2005/04/18  v 2.2
) (/Users/danielfurth/Library/TinyTeX/texmf-dist/tex/latex/preprint/authblk.sty
Package: authblk 2001/02/27 1.3 (PWD)
\affilsep=\skip121
\@affilsep=\skip122
\c@Maxaffil=\count338
\c@authors=\count339
\c@affil=\count340
) (/Users/danielfurth/Library/TinyTeX/texmf-dist/tex/latex/xifthen/xifthen.sty
Package: xifthen 2015/11/05 v1.4.0 Extended ifthen features
(/Users/danielfurth/Library/TinyTeX/texmf-dist/tex/latex/tools/calc.sty
Package: calc 2023/07/08 v4.3 Infix arithmetic (KKT,FJ)
\calc@Acount=\count341
\calc@Bcount=\count342
\calc@Adimen=\dimen301
\calc@Bdimen=\dimen302
\calc@Askip=\skip123
\calc@Bskip=\skip124
LaTeX Info: Redefining \setlength on input line 80.
LaTeX Info: Redefining \addtolength on input line 81.
\calc@Ccount=\count343
\calc@Cskip=\skip125
) (/Users/danielfurth/Library/TinyTeX/texmf-dist/tex/latex/ifmtarg/ifmtarg.sty
Package: ifmtarg 2018/04/16 v1.2b check for an empty argument
)) (/Users/danielfurth/Library/TinyTeX/texmf-dist/tex/latex/colortbl/colortbl.sty
Package: colortbl 2022/06/20 v1.0f Color table columns (DPC)
(/Users/danielfurth/Library/TinyTeX/texmf-dist/tex/latex/tools/array.sty
Package: array 2023/10/16 v2.5g Tabular extension package (FMi)
\col@sep=\dimen303
\ar@mcellbox=\box76
\extrarowheight=\dimen304
\NC@list=\toks40
\extratabsurround=\skip126
\backup@length=\skip127
\ar@cellbox=\box77
)
\everycr=\toks41
\minrowclearance=\skip128
\rownum=\count344
) (/Users/danielfurth/Library/TinyTeX/texmf-dist/tex/latex/booktabs/booktabs.sty
Package: booktabs 2020/01/12 v1.61803398 Publication quality tables
\heavyrulewidth=\dimen305
\lightrulewidth=\dimen306
\cmidrulewidth=\dimen307
\belowrulesep=\dimen308
\belowbottomsep=\dimen309
\aboverulesep=\dimen310
\abovetopsep=\dimen311
\cmidrulesep=\dimen312
\cmidrulekern=\dimen313
\defaultaddspace=\dimen314
\@cmidla=\count345
\@cmidlb=\count346
\@aboverulesep=\dimen315
\@belowrulesep=\dimen316
\@thisruleclass=\count347
\@lastruleclass=\count348
\@thisrulewidth=\dimen317
) (/Users/danielfurth/Library/TinyTeX/texmf-dist/tex/latex/algorithms/algorithm.sty
Invalid UTF-8 byte or sequence at line 11 replaced by U+FFFD.
Package: algorithm 2009/08/24 v0.1 Document Style `algorithm' - floating environment
(/Users/danielfurth/Library/TinyTeX/texmf-dist/tex/latex/float/float.sty
Package: float 2001/11/08 v1.3d Float enhancements (AL)
\c@float@type=\count349
\float@exts=\toks42
\float@box=\box78
\@float@everytoks=\toks43
\@floatcapt=\box79
)
\@float@every@algorithm=\toks44
\c@algorithm=\count350
) (/Users/danielfurth/Library/TinyTeX/texmf-dist/tex/latex/algorithmicx/algpseudocode.sty
Package: algpseudocode 
(/Users/danielfurth/Library/TinyTeX/texmf-dist/tex/latex/algorithmicx/algorithmicx.sty
Package: algorithmicx 2005/04/27 v1.2 Algorithmicx
Document Style algorithmicx 1.2 - a greatly improved `algorithmic' style
\c@ALG@line=\count351
\c@ALG@rem=\count352
\c@ALG@nested=\count353
\ALG@tlm=\skip129
\ALG@thistlm=\skip130
\c@ALG@Lnr=\count354
\c@ALG@blocknr=\count355
\c@ALG@storecount=\count356
\c@ALG@tmpcounter=\count357
\ALG@tmplength=\skip131
)
Document Style - pseudocode environments for use with the `algorithmicx' style
) (/Users/danielfurth/Library/TinyTeX/texmf-dist/tex/latex/changepage/changepage.sty
Package: changepage 2009/10/20 v1.0c check page and change page layout
\c@cp@cntr=\count358
\cp@tempcnt=\count359
) (/Users/danielfurth/Library/TinyTeX/texmf-dist/tex/latex/geometry/geometry.sty
Package: geometry 2020/01/02 v5.9 Page Geometry
(/Users/danielfurth/Library/TinyTeX/texmf-dist/tex/generic/iftex/ifvtex.sty
Package: ifvtex 2019/10/25 v1.7 ifvtex legacy package. Use iftex instead.
)
\Gm@cnth=\count360
\Gm@cntv=\count361
\c@Gm@tempcnt=\count362
\Gm@bindingoffset=\dimen318
\Gm@wd@mp=\dimen319
\Gm@odd@mp=\dimen320
\Gm@even@mp=\dimen321
\Gm@layoutwidth=\dimen322
\Gm@layoutheight=\dimen323
\Gm@layouthoffset=\dimen324
\Gm@layoutvoffset=\dimen325
\Gm@dimlist=\toks45
) (/Users/danielfurth/Library/TinyTeX/texmf-dist/tex/latex/caption/caption.sty
Package: caption 2023/08/05 v3.6o Customizing captions (AR)
(/Users/danielfurth/Library/TinyTeX/texmf-dist/tex/latex/caption/caption3.sty
Package: caption3 2023/07/31 v2.4d caption3 kernel (AR)
\caption@tempdima=\dimen326
\captionmargin=\dimen327
\caption@leftmargin=\dimen328
\caption@rightmargin=\dimen329
\caption@width=\dimen330
\caption@indent=\dimen331
\caption@parindent=\dimen332
\caption@hangindent=\dimen333
Package caption Info: Standard document class detected.
)
Package caption Info: Option `figurename' requires the `newfloat' package on input line 172.
(/Users/danielfurth/Library/TinyTeX/texmf-dist/tex/latex/newfloat/newfloat.sty
Package: newfloat 2023/10/01 v1.2 Defining new floating environments (AR)
Package newfloat Info: Unsupported document class, or \@chapter 
(newfloat)             was already redefined by another package.
Package newfloat Info: \@chapter = macro:->\def \Hy@next {\Hy@MakeCurrentHrefAuto {\Hy@chapapp *}\Hy@raisedlink {\hyper@anchorstart {\@currentHref }\hyper@anchorend }}\ifnum \c@secnumdepth >\m@ne \@ifundefined {if@mainmatter}\iftrue {\csname if@mainmatter\endcsname }\let \Hy@next \relax \fi \fi \Hy@next \Hy@org@chapter .
Package newfloat Info: \Hy@org@chapter = macro:[#1]#2->\NR@gettitle {#1}\NR@chapter [{#1}]{#2}.
Package newfloat Info: \algocf@original@chapter = undefined.
)
\c@caption@flags=\count363
\c@continuedfloat=\count364
Package caption Info: changepage package is loaded.
\caption@adjustwidth@hsize=\dimen334
\caption@adjustwidth@linewidth=\dimen335
Package caption Info: float package is loaded.
Package caption Info: hyperref package is loaded.
) (/Users/danielfurth/Library/TinyTeX/texmf-dist/tex/latex/natbib/natbib.sty
Package: natbib 2010/09/13 8.31b (PWD, AO)
\bibhang=\skip132
\bibsep=\skip133
LaTeX Info: Redefining \cite on input line 694.
\c@NAT@ctr=\count365
) (./jabbrv.sty
Package: jabbrv 2010/08/18 v0.2 Automatic Journal Title Abbreviation Package
\temp@journal@text=\toks46
\temp@journal@text@=\toks47
\c@jabbrv@strlen@count=\count366
\c@jabbrv@gobble@temp=\count367
\c@jabbrv@loop@i=\count368
\c@jabbrv@loop@max=\count369
\c@jabbrv@word@count=\count370
(./jabbrv-ltwa-all.ldf) (./jabbrv-ltwa-en.ldf)) (/Users/danielfurth/Library/TinyTeX/texmf-dist/tex/latex/fancyhdr/fancyhdr.sty
Package: fancyhdr 2022/11/09 v4.1 Extensive control of page headers and footers
\f@nch@headwidth=\skip134
\f@nch@O@elh=\skip135
\f@nch@O@erh=\skip136
\f@nch@O@olh=\skip137
\f@nch@O@orh=\skip138
\f@nch@O@elf=\skip139
\f@nch@O@erf=\skip140
\f@nch@O@olf=\skip141
\f@nch@O@orf=\skip142
) (/Users/danielfurth/Library/TinyTeX/texmf-dist/tex/latex/lastpage/lastpage.sty
Package: lastpage 2023/10/14 v2.0e lastpage: 2.09 or 2e? (HMM)
(/Users/danielfurth/Library/TinyTeX/texmf-dist/tex/latex/lastpage/lastpage2e.sty
Package: lastpage2e 2023/10/14 v2.0e Decide which 2e lastpage version to use (HMM)
(/Users/danielfurth/Library/TinyTeX/texmf-dist/tex/latex/lastpage/lastpagemodern.sty
Package: lastpagemodern 2023-10-14 v2.0e Refers to last page's name (HMM; JPG)
\c@lastpagecount=\count371
) 
)) (/Users/danielfurth/Library/TinyTeX/texmf-dist/tex/latex/titlesec/titlesec.sty
Package: titlesec 2023/10/27 v2.16 Sectioning titles
\ttl@box=\box80
\beforetitleunit=\skip143
\aftertitleunit=\skip144
\ttl@plus=\dimen336
\ttl@minus=\dimen337
\ttl@toksa=\toks48
\titlewidth=\dimen338
\titlewidthlast=\dimen339
\titlewidthfirst=\dimen340
)
\c@ttlp@side=\count372
\ttlp@side=\count373
\c@parcount=\count374
\c@BalanceAtReference=\count375
\c@ReferenceIndexForBalancing=\count376
(/Users/danielfurth/Library/TinyTeX/texmf-dist/tex/latex/sttools/cuted.sty
Package: cuted 2021/10/04 v2.0 Mixing onecolumn and twocolumn modes
\At@ViperColsBreak=\toks49
\preCutedStrip=\toks50
\postCutedStrip=\toks51
\cuted@@tempbox@a=\box81
\cuted@@tempbox@c=\box82
\cuted@@tempbox@var=\box83
\hold@viper=\box84
\@viper=\box85
\cuted@@varbox@a=\box86
\cuted@@varbox@c=\box87
\cuted@@tempdim@spread=\dimen341
\cuted@@tempdim@a=\dimen342
\cuted@@tempdim@b=\dimen343
\ht@hold@viper=\dimen344
\ht@viper=\dimen345
\var@@pagediscards@ht=\dimen346
\stripsep=\skip145
\viper@penalty=\count377
)
\pnas@vertadjust=\skip146
(/Users/danielfurth/Library/TinyTeX/texmf-dist/tex/latex/footmisc/footmisc.sty
Package: footmisc 2023/07/05 v6.0f a miscellany of footnote facilities
\FN@temptoken=\toks52
\footnotemargin=\dimen347
\@outputbox@depth=\dimen348
Package footmisc Info: Declaring symbol style bringhurst on input line 696.
Package footmisc Info: Declaring symbol style chicago on input line 704.
Package footmisc Info: Declaring symbol style wiley on input line 713.
Package footmisc Info: Declaring symbol style lamport-robust on input line 724.
Package footmisc Info: Declaring symbol style lamport* on input line 744.
Package footmisc Info: Declaring symbol style lamport*-robust on input line 765.
)
\c@acknow@section=\count378
\c@supplinfo@section=\count379
\c@matmethods@section=\count380
(/Users/danielfurth/Library/TinyTeX/texmf-dist/tex/latex/enumitem/enumitem.sty
Package: enumitem 2019/06/20 v3.9 Customized lists
\enitkv@toks@=\toks53
\labelindent=\skip147
\enit@outerparindent=\dimen349
\enit@toks=\toks54
\enit@inbox=\box88
\enit@count@id=\count381
\enitdp@description=\count382
) (/Users/danielfurth/Library/TinyTeX/texmf-dist/tex/latex/sidecap/sidecap.sty
Package: sidecap 2023/01/24 v1.7a SideCap Package (RN/HjG)
\SC@BOXWD=\dimen350
\SC@CAPWD=\dimen351
\SC@tempdima=\dimen352
\SC@tempdimb=\dimen353
\c@SC@C=\count383
\SC@BOX=\box89
) (/Users/danielfurth/Library/TinyTeX/texmf-dist/tex/latex/sttools/stfloats.sty
Package: stfloats 2017/03/27 v3.3 Improve float mechanism and baselineskip settings
\@dblbotnum=\count384
\c@dblbotnumber=\count385
) (/Users/danielfurth/Library/TinyTeX/texmf-dist/tex/latex/marginnote/marginnote.sty
Package: marginnote 2018/08/09 1.4b non floating margin notes for LaTeX
\c@mn@abspage=\count386
)
\@float@every@@widetext=\toks55
\c@@widetext=\count387
) (/Users/danielfurth/Library/TinyTeX/texmf-dist/tex/latex/microtype/microtype.sty
Package: microtype 2023/03/13 v3.1a Micro-typographical refinements (RS)
\MT@toks=\toks56
\MT@tempbox=\box90
\MT@count=\count388
LaTeX Info: Redefining \noprotrusionifhmode on input line 1059.
LaTeX Info: Redefining \leftprotrusion on input line 1060.
\MT@prot@toks=\toks57
LaTeX Info: Redefining \rightprotrusion on input line 1078.
LaTeX Info: Redefining \textls on input line 1368.
\MT@outer@kern=\dimen354
LaTeX Info: Redefining \textmicrotypecontext on input line 1988.
\MT@listname@count=\count389
(/Users/danielfurth/Library/TinyTeX/texmf-dist/tex/latex/microtype/microtype-xetex.def
File: microtype-xetex.def 2023/03/13 v3.1a Definitions specific to xetex (RS)
LaTeX Info: Redefining \lsstyle on input line 238.
)
Package microtype Info: Loading configuration file microtype.cfg.
(/Users/danielfurth/Library/TinyTeX/texmf-dist/tex/latex/microtype/microtype.cfg
File: microtype.cfg 2023/03/13 v3.1a microtype main configuration file (RS)
)) (/Users/danielfurth/Library/TinyTeX/texmf-dist/tex/latex/unicode-math/unicode-math.sty
Package: unicode-math 2023/08/13 v0.8r Unicode maths in XeLaTeX and LuaLaTeX
(/Users/danielfurth/Library/TinyTeX/texmf-dist/tex/latex/unicode-math/unicode-math-xetex.sty
Package: unicode-math-xetex 2023/08/13 v0.8r Unicode maths in XeLaTeX and LuaLaTeX
(/Users/danielfurth/Library/TinyTeX/texmf-dist/tex/latex/l3packages/l3keys2e/l3keys2e.sty
Package: l3keys2e 2023-10-10 LaTeX2e option processing using LaTeX3 keys
) (/Users/danielfurth/Library/TinyTeX/texmf-dist/tex/latex/base/fix-cm.sty
Package: fix-cm 2020/11/24 v1.1t fixes to LaTeX
(/Users/danielfurth/Library/TinyTeX/texmf-dist/tex/latex/base/ts1enc.def
File: ts1enc.def 2001/06/05 v3.0e (jk/car/fm) Standard LaTeX file
LaTeX Font Info:    Redeclaring font encoding TS1 on input line 47.
))
\g__um_fam_int=\count390
\g__um_fonts_used_int=\count391
\l__um_primecount_int=\count392
\g__um_primekern_muskip=\muskip18
(/Users/danielfurth/Library/TinyTeX/texmf-dist/tex/latex/unicode-math/unicode-math-table.tex))) (/Users/danielfurth/Library/TinyTeX/texmf-dist/tex/latex/upquote/upquote.sty
Package: upquote 2012/04/19 v1.3 upright-quote and grave-accent glyphs in verbatim
) (/Users/danielfurth/Library/TinyTeX/texmf-dist/tex/latex/parskip/parskip.sty
Package: parskip 2021-03-14 v2.0h non-zero parskip adjustments
) (/Users/danielfurth/Library/TinyTeX/texmf-dist/tex/latex/tools/longtable.sty
Package: longtable 2023-11-01 v4.19 Multi-page Table package (DPC)
\LTleft=\skip148
\LTright=\skip149
\LTpre=\skip150
\LTpost=\skip151
\LTchunksize=\count393
\LTcapwidth=\dimen355
\LT@head=\box91
\LT@firsthead=\box92
\LT@foot=\box93
\LT@lastfoot=\box94
\LT@gbox=\box95
\LT@cols=\count394
\LT@rows=\count395
\c@LT@tables=\count396
\c@LT@chunks=\count397
\LT@p@ftn=\toks58
) (/Users/danielfurth/Library/TinyTeX/texmf-dist/tex/latex/mdwtools/footnote.sty
Package: footnote 1997/01/28 1.13 Save footnotes around boxes
\fn@notes=\box96
\fn@width=\dimen356
)
\@float@every@codelisting=\toks59
\c@codelisting=\count398
(/Users/danielfurth/Library/TinyTeX/texmf-dist/tex/latex/caption/subcaption.sty
Package: subcaption 2023/07/28 v1.6b Sub-captions (AR)
Package caption Info: New subtype `subfigure' on input line 238.
\c@subfigure=\count399
Package caption Info: New subtype `subtable' on input line 238.
\c@subtable=\count400
) (/Users/danielfurth/Library/TinyTeX/texmf-dist/tex/latex/bookmark/bookmark.sty
Package: bookmark 2023-12-10 v1.31 PDF bookmarks (HO)
(/Users/danielfurth/Library/TinyTeX/texmf-dist/tex/latex/bookmark/bkm-dvipdfm.def
File: bkm-dvipdfm.def 2023-12-10 v1.31 bookmark driver for dvipdfm (HO)
\BKM@id=\count401
))
Package hyperref Info: Option `colorlinks' set `true' on input line 139.
(./pnasresearcharticle.sty

LaTeX Warning: You have requested package `pnasresearcharticle',
               but the package provides `pnasinvited'.

Package: pnasinvited 2018/05/06 v1.3 PNAS Invited Submission style
\authfootinfo=\box97
(/Users/danielfurth/Library/TinyTeX/texmf-dist/tex/latex/ifsym/ifsym.sty
Package: ifsym 2000/04/18 I.Kloeckl
\c@ifsymcnt=\count402
)
\@float@every@authfoot=\toks60
\c@authfoot=\count403
) (/Users/danielfurth/Library/TinyTeX/texmf-dist/tex/latex/newtx/TeXGyreTermesX.fontspec)
LaTeX Font Info:    Trying to load font information for TU+ptm on input line 196.
LaTeX Font Info:    No file TUptm.fd. on input line 196.

LaTeX Font Warning: Font shape `TU/ptm/m/n' undefined
(Font)              using `TU/lmr/m/n' instead on input line 196.


Package fontspec Info: TeXGyreTermesX-Regular scale = 0.9577739875827788.


Package fontspec Info: TeXGyreTermesX-Regular scale = 0.9577739875827788.


Package fontspec Info: TeXGyreTermesX-Regular scale = 0.9577739875827788.


Package fontspec Info: TeXGyreTermesX-Bold scale = 0.9349203301977347.


Package fontspec Info: TeXGyreTermesX-Bold scale = 0.9349203301977347.


Package fontspec Info: TeXGyreTermesX-Italic scale = 0.9976829285522542.


Package fontspec Info: TeXGyreTermesX-Italic scale = 0.9976829285522542.


Package fontspec Info: TeXGyreTermesX-Slanted scale = 0.9577739875827788.


Package fontspec Info: TeXGyreTermesX-Slanted scale = 0.9577739875827788.


Package fontspec Info: TeXGyreTermesX-BoldItalic scale = 0.9599059328888255.


Package fontspec Info: TeXGyreTermesX-BoldItalic scale = 0.9599059328888255.


Package fontspec Info: TeXGyreTermesX-BoldSlanted scale = 0.9349203301977347.


Package fontspec Info: TeXGyreTermesX-BoldSlanted scale = 0.9349203301977347.


Package fontspec Info: Font family 'TeXGyreTermesX(0)' created for font
(fontspec)             'TeXGyreTermesX' with options
(fontspec)             [Scale=MatchLowercase,Ligatures=TeX,Scale=1,Extension =
(fontspec)             .otf,UprightFont = TeXGyreTermesX-Regular,BoldFont =
(fontspec)             TeXGyreTermesX-Bold,ItalicFont =
(fontspec)             TeXGyreTermesX-Italic,BoldItalicFont =
(fontspec)             TeXGyreTermesX-BoldItalic,SlantedFont =
(fontspec)             *-Slanted,BoldSlantedFont= *-BoldSlanted,Numbers =
(fontspec)             {Monospaced,Lining}].
(fontspec)              
(fontspec)              This font family consists of the following NFSS
(fontspec)             series/shapes:
(fontspec)              
(fontspec)             - 'normal' (m/n) with NFSS spec.:
(fontspec)             <->s*[1]"[TeXGyreTermesX-Regular.otf]/OT:script=latn;language=dflt;+tnum;+lnum;mapping=tex-text;"
(fontspec)             - 'small caps'  (m/sc) with NFSS spec.:
(fontspec)             <->s*[1]"[TeXGyreTermesX-Regular.otf]/OT:script=latn;language=dflt;+tnum;+lnum;+smcp;mapping=tex-text;"
(fontspec)             - 'bold' (b/n) with NFSS spec.:
(fontspec)             <->s*[1]"[TeXGyreTermesX-Bold.otf]/OT:script=latn;language=dflt;+tnum;+lnum;mapping=tex-text;"
(fontspec)             - 'bold small caps'  (b/sc) with NFSS spec.:
(fontspec)             <->s*[1]"[TeXGyreTermesX-Bold.otf]/OT:script=latn;language=dflt;+tnum;+lnum;+smcp;mapping=tex-text;"
(fontspec)             - 'italic' (m/it) with NFSS spec.:
(fontspec)             <->s*[1]"[TeXGyreTermesX-Italic.otf]/OT:script=latn;language=dflt;+tnum;+lnum;mapping=tex-text;"
(fontspec)             - 'italic small caps'  (m/scit) with NFSS spec.:
(fontspec)             <->s*[1]"[TeXGyreTermesX-Italic.otf]/OT:script=latn;language=dflt;+tnum;+lnum;+smcp;mapping=tex-text;"
(fontspec)             - 'slanted' (m/sl) with NFSS spec.:
(fontspec)             <->s*[1]"[TeXGyreTermesX-Slanted.otf]/OT:script=latn;language=dflt;+tnum;+lnum;mapping=tex-text;"
(fontspec)             - 'slanted small caps'  (m/scsl) with NFSS spec.:
(fontspec)             <->s*[1]"[TeXGyreTermesX-Slanted.otf]/OT:script=latn;language=dflt;+tnum;+lnum;+smcp;mapping=tex-text;"
(fontspec)             - 'bold italic' (b/it) with NFSS spec.:
(fontspec)             <->s*[1]"[TeXGyreTermesX-BoldItalic.otf]/OT:script=latn;language=dflt;+tnum;+lnum;mapping=tex-text;"
(fontspec)             - 'bold italic small caps'  (b/scit) with NFSS spec.:
(fontspec)             <->s*[1]"[TeXGyreTermesX-BoldItalic.otf]/OT:script=latn;language=dflt;+tnum;+lnum;+smcp;mapping=tex-text;"
(fontspec)             - 'bold slanted' (b/sl) with NFSS spec.:
(fontspec)             <->s*[1]"[TeXGyreTermesX-BoldSlanted.otf]/OT:script=latn;language=dflt;+tnum;+lnum;mapping=tex-text;"
(fontspec)             - 'bold slanted small caps'  (b/scsl) with NFSS spec.:
(fontspec)             <->s*[1]"[TeXGyreTermesX-BoldSlanted.otf]/OT:script=latn;language=dflt;+tnum;+lnum;+smcp;mapping=tex-text;"

LaTeX Font Info:    Font shape `TU/TeXGyreTermesX(0)/m/n' will be
(Font)              scaled to size 10.0pt on input line 196.

Package fontspec Info: TeXGyreTermesX-Regular scale = 0.999996609169484.


Package fontspec Info: TeXGyreTermesX-Regular scale = 0.999996609169484.


Package fontspec Info: TeXGyreTermesX-Regular scale = 0.999996609169484.


Package fontspec Info: TeXGyreTermesX-Bold scale = 0.9761354684531414.


Package fontspec Info: TeXGyreTermesX-Bold scale = 0.9761354684531414.


Package fontspec Info: TeXGyreTermesX-Italic scale = 1.041664900606112.


Package fontspec Info: TeXGyreTermesX-Italic scale = 1.041664900606112.


Package fontspec Info: TeXGyreTermesX-Slanted scale = 0.999996609169484.


Package fontspec Info: TeXGyreTermesX-Slanted scale = 0.999996609169484.


Package fontspec Info: TeXGyreTermesX-BoldItalic scale = 1.002222539404196.


Package fontspec Info: TeXGyreTermesX-BoldItalic scale = 1.002222539404196.


Package fontspec Info: TeXGyreTermesX-BoldSlanted scale = 0.9761354684531414.


Package fontspec Info: TeXGyreTermesX-BoldSlanted scale = 0.9761354684531414.


Package fontspec Info: Font family 'TeXGyreTermesX(1)' created for font
(fontspec)             'TeXGyreTermesX' with options
(fontspec)             [Scale=MatchLowercase,Extension = .otf,UprightFont =
(fontspec)             TeXGyreTermesX-Regular,BoldFont =
(fontspec)             TeXGyreTermesX-Bold,ItalicFont =
(fontspec)             TeXGyreTermesX-Italic,BoldItalicFont =
(fontspec)             TeXGyreTermesX-BoldItalic,SlantedFont =
(fontspec)             *-Slanted,BoldSlantedFont= *-BoldSlanted,Numbers =
(fontspec)             {Monospaced,Lining}].
(fontspec)              
(fontspec)              This font family consists of the following NFSS
(fontspec)             series/shapes:
(fontspec)              
(fontspec)             - 'normal' (m/n) with NFSS spec.:
(fontspec)             <->s*[0.999996609169484]"[TeXGyreTermesX-Regular.otf]/OT:script=latn;language=dflt;+tnum;+lnum;"
(fontspec)             - 'small caps'  (m/sc) with NFSS spec.:
(fontspec)             <->s*[0.999996609169484]"[TeXGyreTermesX-Regular.otf]/OT:script=latn;language=dflt;+tnum;+lnum;+smcp;"
(fontspec)             - 'bold' (b/n) with NFSS spec.:
(fontspec)             <->s*[0.9761354684531414]"[TeXGyreTermesX-Bold.otf]/OT:script=latn;language=dflt;+tnum;+lnum;"
(fontspec)             - 'bold small caps'  (b/sc) with NFSS spec.:
(fontspec)             <->s*[0.9761354684531414]"[TeXGyreTermesX-Bold.otf]/OT:script=latn;language=dflt;+tnum;+lnum;+smcp;"
(fontspec)             - 'italic' (m/it) with NFSS spec.:
(fontspec)             <->s*[1.041664900606112]"[TeXGyreTermesX-Italic.otf]/OT:script=latn;language=dflt;+tnum;+lnum;"
(fontspec)             - 'italic small caps'  (m/scit) with NFSS spec.:
(fontspec)             <->s*[1.041664900606112]"[TeXGyreTermesX-Italic.otf]/OT:script=latn;language=dflt;+tnum;+lnum;+smcp;"
(fontspec)             - 'slanted' (m/sl) with NFSS spec.:
(fontspec)             <->s*[0.999996609169484]"[TeXGyreTermesX-Slanted.otf]/OT:script=latn;language=dflt;+tnum;+lnum;"
(fontspec)             - 'slanted small caps'  (m/scsl) with NFSS spec.:
(fontspec)             <->s*[0.999996609169484]"[TeXGyreTermesX-Slanted.otf]/OT:script=latn;language=dflt;+tnum;+lnum;+smcp;"
(fontspec)             - 'bold italic' (b/it) with NFSS spec.:
(fontspec)             <->s*[1.002222539404196]"[TeXGyreTermesX-BoldItalic.otf]/OT:script=latn;language=dflt;+tnum;+lnum;"
(fontspec)             - 'bold italic small caps'  (b/scit) with NFSS spec.:
(fontspec)             <->s*[1.002222539404196]"[TeXGyreTermesX-BoldItalic.otf]/OT:script=latn;language=dflt;+tnum;+lnum;+smcp;"
(fontspec)             - 'bold slanted' (b/sl) with NFSS spec.:
(fontspec)             <->s*[0.9761354684531414]"[TeXGyreTermesX-BoldSlanted.otf]/OT:script=latn;language=dflt;+tnum;+lnum;"
(fontspec)             - 'bold slanted small caps'  (b/scsl) with NFSS spec.:
(fontspec)             <->s*[0.9761354684531414]"[TeXGyreTermesX-BoldSlanted.otf]/OT:script=latn;language=dflt;+tnum;+lnum;+smcp;"

LaTeX Font Info:    Overwriting math alphabet `\mathrm' in version `normal'
(Font)                  OT1/ztmcm/m/n --> TU/TeXGyreTermesX(1)/m/n on input line 196.
LaTeX Font Info:    Overwriting math alphabet `\mathit' in version `normal'
(Font)                  OT1/ptm/m/it --> TU/TeXGyreTermesX(1)/m/it on input line 196.
LaTeX Font Info:    Overwriting math alphabet `\mathbf' in version `normal'
(Font)                  OT1/ptm/bx/n --> TU/TeXGyreTermesX(1)/b/n on input line 196.
No file template.aux.
\openout1 = `template.aux'.

LaTeX Font Info:    Checking defaults for OML/cmm/m/it on input line 196.
LaTeX Font Info:    ... okay on input line 196.
LaTeX Font Info:    Checking defaults for OMS/cmsy/m/n on input line 196.
LaTeX Font Info:    ... okay on input line 196.
LaTeX Font Info:    Checking defaults for OT1/cmr/m/n on input line 196.
LaTeX Font Info:    ... okay on input line 196.
LaTeX Font Info:    Checking defaults for T1/cmr/m/n on input line 196.
LaTeX Font Info:    ... okay on input line 196.
LaTeX Font Info:    Checking defaults for TS1/cmr/m/n on input line 196.
LaTeX Font Info:    ... okay on input line 196.
LaTeX Font Info:    Checking defaults for TU/lmr/m/n on input line 196.
LaTeX Font Info:    ... okay on input line 196.
LaTeX Font Info:    Checking defaults for OMX/cmex/m/n on input line 196.
LaTeX Font Info:    ... okay on input line 196.
LaTeX Font Info:    Checking defaults for U/cmr/m/n on input line 196.
LaTeX Font Info:    ... okay on input line 196.
LaTeX Font Info:    Checking defaults for PD1/pdf/m/n on input line 196.
LaTeX Font Info:    ... okay on input line 196.
LaTeX Font Info:    Checking defaults for PU/pdf/m/n on input line 196.
LaTeX Font Info:    ... okay on input line 196.
Package hyperref Info: Link coloring ON on input line 196.

Package hyperref Warning: Rerun to get /PageLabels entry.

*geometry* driver: auto-detecting
*geometry* detected driver: xetex
*geometry* verbose mode - [ preamble ] result:
* driver: xetex
* paper: letterpaper
* layout: <custom>
* layout(width,height): (587.19374pt,785.93625pt)
* layoutoffset:(h,v)=(13.55061pt,4.51686pt)
* modes: includehead includefoot twoside 
* h-part:(L,W,R)=(38.5pt, 505.69374pt, 43.0pt)
* v-part:(T,H,B)=(43.0pt, 698.93625pt, 44.0pt)
* \paperwidth=614.295pt
* \paperheight=794.96999pt
* \textwidth=505.69374pt
* \textheight=675.93625pt
* \oddsidemargin=-20.21938pt
* \evensidemargin=-15.71938pt
* \topmargin=-24.75313pt
* \headheight=12.0pt
* \headsep=-2.0pt
* \topskip=10.0pt
* \footskip=25.0pt
* \marginparwidth=38.0pt
* \marginparsep=10.0pt
* \columnsep=13.5pt
* \skip\footins=9.0pt plus 4.0pt minus 2.0pt
* \hoffset=0.0pt
* \voffset=0.0pt
* \mag=1000
* \@twocolumntrue
* \@twosidetrue
* \@mparswitchtrue
* \@reversemarginfalse
* (1in=72.27pt=25.4mm, 1cm=28.453pt)

Package caption Info: Begin \AtBeginDocument code.
Package caption Info: longtable package is loaded.
(/Users/danielfurth/Library/TinyTeX/texmf-dist/tex/latex/caption/ltcaption.sty
Package: ltcaption 2021/01/08 v1.4c longtable captions (AR)
)
Package caption Info: sidecap package is loaded.
Package caption Info: End \AtBeginDocument code.
Package newfloat Info: Trying Plan B...
Package newfloat Info: `float' package detected.
Package newfloat Info: `sidecap' package detected.
(/Users/danielfurth/Library/TinyTeX/texmf-dist/tex/latex/ragged2e/ragged2e.sty
Package: ragged2e 2023/06/22 v3.6 ragged2e Package
\CenteringLeftskip=\skip152
\RaggedLeftLeftskip=\skip153
\RaggedRightLeftskip=\skip154
\CenteringRightskip=\skip155
\RaggedLeftRightskip=\skip156
\RaggedRightRightskip=\skip157
\CenteringParfillskip=\skip158
\RaggedLeftParfillskip=\skip159
\RaggedRightParfillskip=\skip160
\JustifyingParfillskip=\skip161
\CenteringParindent=\skip162
\RaggedLeftParindent=\skip163
\RaggedRightParindent=\skip164
\JustifyingParindent=\skip165
)
LaTeX Info: Redefining \microtypecontext on input line 196.
Package microtype Info: Applying patch `item' on input line 196.
Package microtype Info: Applying patch `toc' on input line 196.

Package microtype Warning: Unable to apply patch `eqnum' on input line 196.

Package microtype Info: Applying patch `footnote' on input line 196.
Package microtype Info: Applying patch `verbatim' on input line 196.
Package microtype Info: Character protrusion enabled (level 2).
Package microtype Info: Using protrusion set `basicmath'.
Package microtype Info: No adjustment of tracking.
Package microtype Info: No adjustment of spacing.
Package microtype Info: No adjustment of kerning.
Package microtype Info: Loading generic protrusion settings for font family
(microtype)             `TeXGyreTermesX' (encoding: TU).
(microtype)             For optimal results, create family-specific settings.
(microtype)             See the microtype manual for details.
LaTeX Font Info:    Overwriting math alphabet `\mathsf' in version `normal'
(Font)                  OT1/lmss/m/n --> TU/phv/m/n on input line 196.
LaTeX Font Info:    Overwriting math alphabet `\mathsf' in version `bold'
(Font)                  OT1/lmss/bx/n --> TU/phv/b/n on input line 196.
LaTeX Font Info:    Overwriting math alphabet `\mathtt' in version `normal'
(Font)                  OT1/lmtt/m/n --> TU/lmtt/m/n on input line 196.
LaTeX Font Info:    Overwriting math alphabet `\mathtt' in version `bold'
(Font)                  OT1/lmtt/m/n --> TU/lmtt/b/n on input line 196.

Package fontspec Info: latinmodern-math scale = 1.044080421721937.


Package fontspec Info: latinmodern-math scale = 1.044080421721937.


Package fontspec Info: latinmodern-math scale = 1.044080421721937.


Package fontspec Info: Font family 'latinmodern-math.otf(0)' created for font
(fontspec)             'latinmodern-math.otf' with options
(fontspec)             [Scale=MatchLowercase,BoldItalicFont={},ItalicFont={},SmallCapsFont={},Script=Math,BoldFont={latinmodern-math.otf}].
(fontspec)              
(fontspec)              This font family consists of the following NFSS
(fontspec)             series/shapes:
(fontspec)              
(fontspec)             - 'normal' (m/n) with NFSS spec.:
(fontspec)             <->s*[1.044080421721937]"[latinmodern-math.otf]/OT:script=math;language=dflt;"
(fontspec)             - 'small caps'  (m/sc) with NFSS spec.: 
(fontspec)             - 'bold' (b/n) with NFSS spec.:
(fontspec)             <->s*[1.044080421721937]"[latinmodern-math.otf]/OT:script=math;language=dflt;"
(fontspec)             - 'bold small caps'  (b/sc) with NFSS spec.: 

LaTeX Font Info:    Font shape `TU/latinmodern-math.otf(0)/m/n' will be
(Font)              scaled to size 10.44083pt on input line 196.

Package fontspec Info: latinmodern-math scale = 1.044080421721937.


Package fontspec Info: latinmodern-math scale = 1.044080421721937.


Package fontspec Info: latinmodern-math scale = 1.044080421721937.


Package fontspec Info: latinmodern-math scale = 1.044080421721937.


Package fontspec Info: latinmodern-math scale = 1.044080421721937.


Package fontspec Info: Font family 'latinmodern-math.otf(1)' created for font
(fontspec)             'latinmodern-math.otf' with options
(fontspec)             [Scale=MatchLowercase,BoldItalicFont={},ItalicFont={},SmallCapsFont={},Script=Math,SizeFeatures={{Size=8.5-},{Size=6-8.5,Font=latinmodern-math.otf,Style=MathScript},{Size=-6,Font=latinmodern-math.otf,Style=MathScriptScript}},BoldFont={latinmodern-math.otf}].
(fontspec)              
(fontspec)              This font family consists of the following NFSS
(fontspec)             series/shapes:
(fontspec)              
(fontspec)             - 'normal' (m/n) with NFSS spec.:
(fontspec)             <8.5->s*[1.044080421721937]"[latinmodern-math.otf]/OT:script=math;language=dflt;"<6-8.5>s*[1.044080421721937]"[latinmodern-math.otf]/OT:script=math;language=dflt;+ssty=0;"<-6>s*[1.044080421721937]"[latinmodern-math.otf]/OT:script=math;language=dflt;+ssty=1;"
(fontspec)             - 'small caps'  (m/sc) with NFSS spec.: 
(fontspec)             - 'bold' (b/n) with NFSS spec.:
(fontspec)             <->s*[1.044080421721937]"[latinmodern-math.otf]/OT:script=math;language=dflt;"
(fontspec)             - 'bold small caps'  (b/sc) with NFSS spec.: 

LaTeX Font Info:    Font shape `TU/latinmodern-math.otf(1)/m/n' will be
(Font)              scaled to size 10.44083pt on input line 196.
LaTeX Font Info:    Encoding `OT1' has changed to `TU' for symbol font
(Font)              `operators' in the math version `normal' on input line 196.
LaTeX Font Info:    Overwriting symbol font `operators' in version `normal'
(Font)                  OT1/ztmcm/m/n --> TU/latinmodern-math.otf(1)/m/n on input line 196.
LaTeX Font Info:    Encoding `OT1' has changed to `TU' for symbol font
(Font)              `operators' in the math version `bold' on input line 196.
LaTeX Font Info:    Overwriting symbol font `operators' in version `bold'
(Font)                  OT1/ztmcm/m/n --> TU/latinmodern-math.otf(1)/b/n on input line 196.

Package fontspec Info: latinmodern-math scale = 1.044080421721937.


Package fontspec Info: latinmodern-math scale = 1.044184829764109.


Package fontspec Info: latinmodern-math scale = 1.044080421721937.


Package fontspec Info: latinmodern-math scale = 1.044184829764109.


Package fontspec Info: latinmodern-math scale = 1.044080421721937.


Package fontspec Info: latinmodern-math scale = 1.044184829764109.


Package fontspec Info: latinmodern-math scale = 1.044080421721937.


Package fontspec Info: latinmodern-math scale = 1.044184829764109.


Package fontspec Info: latinmodern-math scale = 1.044080421721937.


Package fontspec Info: latinmodern-math scale = 1.044184829764109.


Package fontspec Info: Font family 'latinmodern-math.otf(2)' created for font
(fontspec)             'latinmodern-math.otf' with options
(fontspec)             [Scale=MatchLowercase,BoldItalicFont={},ItalicFont={},SmallCapsFont={},Script=Math,SizeFeatures={{Size=8.5-},{Size=6-8.5,Font=latinmodern-math.otf,Style=MathScript},{Size=-6,Font=latinmodern-math.otf,Style=MathScriptScript}},BoldFont={latinmodern-math.otf},ScaleAgain=1.0001,FontAdjustment={\fontdimen
(fontspec)             8\font =7.06844pt\relax \fontdimen 9\font
(fontspec)             =4.1137pt\relax \fontdimen 10\font =4.63573pt\relax
(fontspec)             \fontdimen 11\font =7.16241pt\relax \fontdimen 12\font
(fontspec)             =3.60208pt\relax \fontdimen 13\font =3.79002pt\relax
(fontspec)             \fontdimen 14\font =3.79002pt\relax \fontdimen 15\font
(fontspec)             =3.0174pt\relax \fontdimen 16\font =2.57889pt\relax
(fontspec)             \fontdimen 17\font =2.57889pt\relax \fontdimen 18\font
(fontspec)             =2.61021pt\relax \fontdimen 19\font =2.08817pt\relax
(fontspec)             \fontdimen 22\font =2.61021pt\relax \fontdimen 20\font
(fontspec)             =0pt\relax \fontdimen 21\font =0pt\relax }].
(fontspec)              
(fontspec)              This font family consists of the following NFSS
(fontspec)             series/shapes:
(fontspec)              
(fontspec)             - 'normal' (m/n) with NFSS spec.:
(fontspec)             <8.5->s*[1.044184829764109]"[latinmodern-math.otf]/OT:script=math;language=dflt;"<6-8.5>s*[1.044184829764109]"[latinmodern-math.otf]/OT:script=math;language=dflt;+ssty=0;"<-6>s*[1.044184829764109]"[latinmodern-math.otf]/OT:script=math;language=dflt;+ssty=1;"
(fontspec)             - 'small caps'  (m/sc) with NFSS spec.: 
(fontspec)             and font adjustment code:
(fontspec)             \fontdimen 8\font =7.06844pt\relax \fontdimen 9\font
(fontspec)             =4.1137pt\relax \fontdimen 10\font =4.63573pt\relax
(fontspec)             \fontdimen 11\font =7.16241pt\relax \fontdimen 12\font
(fontspec)             =3.60208pt\relax \fontdimen 13\font =3.79002pt\relax
(fontspec)             \fontdimen 14\font =3.79002pt\relax \fontdimen 15\font
(fontspec)             =3.0174pt\relax \fontdimen 16\font =2.57889pt\relax
(fontspec)             \fontdimen 17\font =2.57889pt\relax \fontdimen 18\font
(fontspec)             =2.61021pt\relax \fontdimen 19\font =2.08817pt\relax
(fontspec)             \fontdimen 22\font =2.61021pt\relax \fontdimen 20\font
(fontspec)             =0pt\relax \fontdimen 21\font =0pt\relax 
(fontspec)             - 'bold' (b/n) with NFSS spec.:
(fontspec)             <->s*[1.044184829764109]"[latinmodern-math.otf]/OT:script=math;language=dflt;"
(fontspec)             - 'bold small caps'  (b/sc) with NFSS spec.: 
(fontspec)             and font adjustment code:
(fontspec)             \fontdimen 8\font =7.06844pt\relax \fontdimen 9\font
(fontspec)             =4.1137pt\relax \fontdimen 10\font =4.63573pt\relax
(fontspec)             \fontdimen 11\font =7.16241pt\relax \fontdimen 12\font
(fontspec)             =3.60208pt\relax \fontdimen 13\font =3.79002pt\relax
(fontspec)             \fontdimen 14\font =3.79002pt\relax \fontdimen 15\font
(fontspec)             =3.0174pt\relax \fontdimen 16\font =2.57889pt\relax
(fontspec)             \fontdimen 17\font =2.57889pt\relax \fontdimen 18\font
(fontspec)             =2.61021pt\relax \fontdimen 19\font =2.08817pt\relax
(fontspec)             \fontdimen 22\font =2.61021pt\relax \fontdimen 20\font
(fontspec)             =0pt\relax \fontdimen 21\font =0pt\relax 

LaTeX Font Info:    Encoding `OMS' has changed to `TU' for symbol font
(Font)              `symbols' in the math version `normal' on input line 196.
LaTeX Font Info:    Overwriting symbol font `symbols' in version `normal'
(Font)                  OMS/ztmcm/m/n --> TU/latinmodern-math.otf(2)/m/n on input line 196.
LaTeX Font Info:    Encoding `OMS' has changed to `TU' for symbol font
(Font)              `symbols' in the math version `bold' on input line 196.
LaTeX Font Info:    Overwriting symbol font `symbols' in version `bold'
(Font)                  OMS/ztmcm/m/n --> TU/latinmodern-math.otf(2)/b/n on input line 196.

Package fontspec Info: latinmodern-math scale = 1.044080421721937.


Package fontspec Info: latinmodern-math scale = 1.043976013679765.


Package fontspec Info: latinmodern-math scale = 1.044080421721937.


Package fontspec Info: latinmodern-math scale = 1.043976013679765.


Package fontspec Info: latinmodern-math scale = 1.044080421721937.


Package fontspec Info: latinmodern-math scale = 1.043976013679765.


Package fontspec Info: latinmodern-math scale = 1.044080421721937.


Package fontspec Info: latinmodern-math scale = 1.043976013679765.


Package fontspec Info: latinmodern-math scale = 1.044080421721937.


Package fontspec Info: latinmodern-math scale = 1.043976013679765.


Package fontspec Info: Font family 'latinmodern-math.otf(3)' created for font
(fontspec)             'latinmodern-math.otf' with options
(fontspec)             [Scale=MatchLowercase,BoldItalicFont={},ItalicFont={},SmallCapsFont={},Script=Math,SizeFeatures={{Size=8.5-},{Size=6-8.5,Font=latinmodern-math.otf,Style=MathScript},{Size=-6,Font=latinmodern-math.otf,Style=MathScriptScript}},BoldFont={latinmodern-math.otf},ScaleAgain=0.9999,FontAdjustment={\fontdimen
(fontspec)             8\font =0.41763pt\relax \fontdimen 9\font
(fontspec)             =2.08817pt\relax \fontdimen 10\font =1.74362pt\relax
(fontspec)             \fontdimen 11\font =1.15894pt\relax \fontdimen 12\font
(fontspec)             =6.2645pt\relax \fontdimen 13\font =0pt\relax }].
(fontspec)              
(fontspec)              This font family consists of the following NFSS
(fontspec)             series/shapes:
(fontspec)              
(fontspec)             - 'normal' (m/n) with NFSS spec.:
(fontspec)             <8.5->s*[1.043976013679765]"[latinmodern-math.otf]/OT:script=math;language=dflt;"<6-8.5>s*[1.043976013679765]"[latinmodern-math.otf]/OT:script=math;language=dflt;+ssty=0;"<-6>s*[1.043976013679765]"[latinmodern-math.otf]/OT:script=math;language=dflt;+ssty=1;"
(fontspec)             - 'small caps'  (m/sc) with NFSS spec.: 
(fontspec)             and font adjustment code:
(fontspec)             \fontdimen 8\font =0.41763pt\relax \fontdimen 9\font
(fontspec)             =2.08817pt\relax \fontdimen 10\font =1.74362pt\relax
(fontspec)             \fontdimen 11\font =1.15894pt\relax \fontdimen 12\font
(fontspec)             =6.2645pt\relax \fontdimen 13\font =0pt\relax 
(fontspec)             - 'bold' (b/n) with NFSS spec.:
(fontspec)             <->s*[1.043976013679765]"[latinmodern-math.otf]/OT:script=math;language=dflt;"
(fontspec)             - 'bold small caps'  (b/sc) with NFSS spec.: 
(fontspec)             and font adjustment code:
(fontspec)             \fontdimen 8\font =0.41763pt\relax \fontdimen 9\font
(fontspec)             =2.08817pt\relax \fontdimen 10\font =1.74362pt\relax
(fontspec)             \fontdimen 11\font =1.15894pt\relax \fontdimen 12\font
(fontspec)             =6.2645pt\relax \fontdimen 13\font =0pt\relax 

LaTeX Font Info:    Encoding `OMX' has changed to `TU' for symbol font
(Font)              `largesymbols' in the math version `normal' on input line 196.
LaTeX Font Info:    Overwriting symbol font `largesymbols' in version `normal'
(Font)                  OMX/ztmcm/m/n --> TU/latinmodern-math.otf(3)/m/n on input line 196.
LaTeX Font Info:    Encoding `OMX' has changed to `TU' for symbol font
(Font)              `largesymbols' in the math version `bold' on input line 196.
LaTeX Font Info:    Overwriting symbol font `largesymbols' in version `bold'
(Font)                  OMX/ztmcm/m/n --> TU/latinmodern-math.otf(3)/b/n on input line 196.
LaTeX Font Info:    Font shape `TU/TeXGyreTermesX(0)/b/n' will be
(Font)              scaled to size 10.0pt on input line 197.
LaTeX Font Info:    Font shape `TU/TeXGyreTermesX(0)/b/n' will be
(Font)              scaled to size 22.0pt on input line 197.
LaTeX Font Info:    Trying to load font information for TU+phv on input line 197.
LaTeX Font Info:    No file TUphv.fd. on input line 197.

LaTeX Font Warning: Font shape `TU/phv/m/n' undefined
(Font)              using `TU/lmr/m/n' instead on input line 197.

(/Users/danielfurth/Library/TinyTeX/texmf-dist/tex/latex/microtype/mt-LatinModernRoman.cfg
File: mt-LatinModernRoman.cfg 2021/02/21 v1.1 microtype config. file: Latin Modern Roman (RS)
)

LaTeX Font Warning: Font shape `TU/phv/b/n' undefined
(Font)              using `TU/phv/m/n' instead on input line 197.

Package microtype Info: Loading generic protrusion settings for font family
(microtype)             `phv' (encoding: TU).
(microtype)             For optimal results, create family-specific settings.
(microtype)             See the microtype manual for details.
LaTeX Font Info:    Font shape `TU/latinmodern-math.otf(1)/m/n' will be
(Font)              scaled to size 7.30858pt on input line 197.
LaTeX Font Info:    Font shape `TU/latinmodern-math.otf(1)/m/n' will be
(Font)              scaled to size 5.22041pt on input line 197.
LaTeX Font Info:    Trying to load font information for OML+ztmcm on input line 197.
(/Users/danielfurth/Library/TinyTeX/texmf-dist/tex/latex/psnfss/omlztmcm.fd
File: omlztmcm.fd 2000/01/03 Fontinst v1.801 font definitions for OML/ztmcm.
)
LaTeX Font Info:    Font shape `TU/latinmodern-math.otf(2)/m/n' will be
(Font)              scaled to size 10.4419pt on input line 197.
LaTeX Font Info:    Font shape `TU/latinmodern-math.otf(2)/m/n' will be
(Font)              scaled to size 7.30933pt on input line 197.
LaTeX Font Info:    Font shape `TU/latinmodern-math.otf(2)/m/n' will be
(Font)              scaled to size 5.22095pt on input line 197.
LaTeX Font Info:    Font shape `TU/latinmodern-math.otf(3)/m/n' will be
(Font)              scaled to size 10.43976pt on input line 197.
LaTeX Font Info:    Font shape `TU/latinmodern-math.otf(3)/m/n' will be
(Font)              scaled to size 7.30783pt on input line 197.
LaTeX Font Info:    Font shape `TU/latinmodern-math.otf(3)/m/n' will be
(Font)              scaled to size 5.21988pt on input line 197.
(/Users/danielfurth/Library/TinyTeX/texmf-dist/tex/latex/microtype/mt-msa.cfg
File: mt-msa.cfg 2006/02/04 v1.1 microtype config. file: AMS symbols (a) (RS)
) (/Users/danielfurth/Library/TinyTeX/texmf-dist/tex/latex/microtype/mt-msb.cfg
File: mt-msb.cfg 2005/06/01 v1.0 microtype config. file: AMS symbols (b) (RS)
)
LaTeX Font Info:    Trying to load font information for OT1+ptm on input line 197.
(/Users/danielfurth/Library/TinyTeX/texmf-dist/tex/latex/psnfss/ot1ptm.fd
File: ot1ptm.fd 2001/06/04 font definitions for OT1/ptm.
)
LaTeX Font Info:    Font shape `OT1/ptm/bx/n' in size <10> not available
(Font)              Font shape `OT1/ptm/b/n' tried instead on input line 197.
(/Users/danielfurth/Library/TinyTeX/texmf-dist/tex/latex/microtype/mt-ptm.cfg
File: mt-ptm.cfg 2006/04/20 v1.7 microtype config. file: Times (RS)
)
LaTeX Font Info:    Font shape `OT1/ptm/bx/n' in size <7> not available
(Font)              Font shape `OT1/ptm/b/n' tried instead on input line 197.
LaTeX Font Info:    Font shape `OT1/ptm/bx/n' in size <5> not available
(Font)              Font shape `OT1/ptm/b/n' tried instead on input line 197.
LaTeX Font Info:    Font shape `TU/TeXGyreTermesX(0)/m/n' will be
(Font)              scaled to size 7.0pt on input line 197.
LaTeX Font Info:    Trying to load font information for U+ifsym on input line 197.
(/Users/danielfurth/Library/TinyTeX/texmf-dist/tex/latex/ifsym/uifsym.fd)
Package microtype Info: Fixing zero \fontdimen 6 for font `U/ifsym/m/n/7'
(microtype)             (new value: 7.0pt) on input line 197.
LaTeX Font Info:    Font shape `TU/TeXGyreTermesX(0)/b/n' will be
(Font)              scaled to size 10.5pt on input line 217.

Underfull \hbox (badness 1028) in paragraph at lines 217--217
[]\TU/TeXGyreTermesX(0)/b/n/10.5 Detecting protein-protein interactions within cells is
 []


Package natbib Warning: Citation `pfleger_illuminating_2006' on page 1 undefined on input line 222.


Package natbib Warning: Citation `hu_simultaneous_2003' on page 1 undefined on input line 222.


Package natbib Warning: Citation `soderberg_direct_2006' on page 1 undefined on input line 226.


Package natbib Warning: Citation `koos_proximity-dependent_2015' on page 1 undefined on input line 226.


Package natbib Warning: Citation `yan_analysis_2003' on page 1 undefined on input line 226.


Package natbib Warning: Citation `luker_noninvasive_2002' on page 1 undefined on input line 230.


Package natbib Warning: Citation `soderberg_direct_2006' on page 1 undefined on input line 234.


Package natbib Warning: Citation `Hung2014' on page 1 undefined on input line 246.


Package natbib Warning: Citation `Roux2012' on page 1 undefined on input line 246.


Package natbib Warning: Citation `Steensel2000' on page 1 undefined on input line 246.


Package natbib Warning: Citation `devaraj_bioorthogonal_2010' on page 1 undefined on input line 261.


Package natbib Warning: Citation `Mboyi2021' on page 1 undefined on input line 261.


Package natbib Warning: Citation `Kormos2018' on page 1 undefined on input line 261.

LaTeX Font Info:    Font shape `TU/TeXGyreTermesX(0)/m/n' will be
(Font)              scaled to size 8.0pt on input line 269.
LaTeX Font Info:    Font shape `TU/TeXGyreTermesX(0)/m/n' will be
(Font)              scaled to size 9.0pt on input line 269.
LaTeX Font Info:    Font shape `TU/latinmodern-math.otf(1)/m/n' will be
(Font)              scaled to size 9.39674pt on input line 269.
LaTeX Font Info:    Font shape `TU/latinmodern-math.otf(2)/m/n' will be
(Font)              scaled to size 9.3977pt on input line 269.
LaTeX Font Info:    Font shape `TU/latinmodern-math.otf(3)/m/n' will be
(Font)              scaled to size 9.39578pt on input line 269.
LaTeX Font Info:    Font shape `OT1/ptm/bx/n' in size <9> not available
(Font)              Font shape `OT1/ptm/b/n' tried instead on input line 269.

Underfull \hbox (badness 7944) in paragraph at lines 269--269
[]\TU/TeXGyreTermesX(0)/m/n/8 Author affiliations: []$[]$[]\TU/TeXGyreTermesX(0)/m/n/9 Department of Immunology, Genetics &
 []


Underfull \hbox (badness 1097) in paragraph at lines 269--269
\TU/TeXGyreTermesX(0)/m/n/9 Pathology, Uppsala University, Uppsala, SE-752 37, SWEDEN;
 []


Underfull \hbox (badness 10000) in paragraph at lines 269--269
[]$[]$ \TU/TeXGyreTermesX(0)/m/n/9 Author to whom correspondence should be addressed:
 []

\authfootheight=\skip166
File: figures/fig01.pdf Graphic file (type pdf)
<use figures/fig01.pdf>
LaTeX Font Info:    Font shape `TU/TeXGyreTermesX(0)/b/n' will be
(Font)              scaled to size 8.0pt on input line 273.
LaTeX Font Info:    Font shape `TU/latinmodern-math.otf(1)/m/n' will be
(Font)              scaled to size 8.35266pt on input line 273.
LaTeX Font Info:    Font shape `TU/latinmodern-math.otf(1)/m/n' will be
(Font)              scaled to size 6.2645pt on input line 273.
LaTeX Font Info:    Font shape `TU/latinmodern-math.otf(2)/m/n' will be
(Font)              scaled to size 8.35352pt on input line 273.
LaTeX Font Info:    Font shape `TU/latinmodern-math.otf(2)/m/n' will be
(Font)              scaled to size 6.26514pt on input line 273.
LaTeX Font Info:    Font shape `TU/latinmodern-math.otf(3)/m/n' will be
(Font)              scaled to size 8.3518pt on input line 273.
LaTeX Font Info:    Font shape `TU/latinmodern-math.otf(3)/m/n' will be
(Font)              scaled to size 6.26385pt on input line 273.
LaTeX Font Info:    Font shape `OT1/ptm/bx/n' in size <8> not available
(Font)              Font shape `OT1/ptm/b/n' tried instead on input line 273.
LaTeX Font Info:    Font shape `OT1/ptm/bx/n' in size <6> not available
(Font)              Font shape `OT1/ptm/b/n' tried instead on input line 273.
LaTeX Font Info:    Font shape `TU/TeXGyreTermesX(0)/m/n' will be
(Font)              scaled to size 12.0pt on input line 277.
LaTeX Font Info:    Font shape `TU/TeXGyreTermesX(0)/b/n' will be
(Font)              scaled to size 12.0pt on input line 277.

Package natbib Warning: Citation `monfardini_branched_1995' on page 1 undefined on input line 289.


Package natbib Warning: Citation `roberts_chemistry_2002' on page 1 undefined on input line 289.


LaTeX Warning: Hyper reference `fig:S01' on page 1 undefined on input line 291.


LaTeX Warning: Hyper reference `fig:01' on page 1 undefined on input line 295.


Package natbib Warning: Citation `blackman_tetrazine_2008' on page 1 undefined on input line 298.


LaTeX Warning: Hyper reference `fig:01' on page 1 undefined on input line 300.


LaTeX Warning: Hyper reference `fig:01' on page 1 undefined on input line 303.

\PNAS@linecount@bx=\box98
\PNAS@linecount@bxht=\skip167
\PNAS@linecount=\count404
LaTeX Font Info:    Font shape `TU/TeXGyreTermesX(0)/m/sl' will be
(Font)              scaled to size 10.0pt on input line 304.
LaTeX Font Info:    Font shape `TU/TeXGyreTermesX(0)/b/n' will be
(Font)              scaled to size 7.0pt on input line 304.

LaTeX Warning: Reference `LastPage' on page 1 undefined on input line 304.

[1


]

Package natbib Warning: Citation `grimm_general_2015' on page 2 undefined on input line 308.

LaTeX Font Info:    Font shape `TU/TeXGyreTermesX(0)/m/it' will be
(Font)              scaled to size 10.0pt on input line 312.

Package natbib Warning: Citation `blackman_tetrazine_2008' on page 2 undefined on input line 314.


LaTeX Warning: Hyper reference `fig:S01' on page 2 undefined on input line 320.


Underfull \hbox (badness 1097) in paragraph at lines 305--321
[]\TU/TeXGyreTermesX(0)/m/n/10 Our system boasts a distinctive feature: its inherent bio-
 []


Underfull \vbox (badness 10000) has occurred while \output is active []


Package natbib Warning: Citation `wieczorek_rigid_2014' on page 2 undefined on input line 324.

LaTeX Font Info:    Font shape `TU/TeXGyreTermesX(0)/m/n' will be
(Font)              scaled to size 5.0pt on input line 329.

LaTeX Warning: Hyper reference `fig:01' on page 2 undefined on input line 333.


LaTeX Warning: Hyper reference `fig:01' on page 2 undefined on input line 335.


LaTeX Warning: Hyper reference `fig:S01' on page 2 undefined on input line 342.


LaTeX Warning: Hyper reference `fig:01' on page 2 undefined on input line 345.


Underfull \vbox (badness 10000) has occurred while \output is active []


LaTeX Warning: Reference `LastPage' on page 2 undefined on input line 346.

[2]

Package natbib Warning: Citation `soderberg_direct_2006' on page 3 undefined on input line 352.


LaTeX Warning: Hyper reference `fig:S02' on page 3 undefined on input line 355.


Underfull \hbox (badness 1297) in paragraph at lines 347--357
[]\TU/TeXGyreTermesX(0)/m/n/10 Next, we evaluated the systems performance by directly
 []


Underfull \hbox (badness 1253) in paragraph at lines 347--357
\TU/TeXGyreTermesX(0)/m/n/10 detecting protein-protein interactions in fixed cells. Our
 []


LaTeX Warning: Hyper reference `fig:S01' on page 3 undefined on input line 366.


LaTeX Warning: Hyper reference `fig:01' on page 3 undefined on input line 369.


LaTeX Warning: Hyper reference `fig:01' on page 3 undefined on input line 371.


LaTeX Warning: Hyper reference `fig:01' on page 3 undefined on input line 379.


LaTeX Warning: Hyper reference `fig:S02' on page 3 undefined on input line 379.

File: figures/fig02.pdf Graphic file (type pdf)
<use figures/fig02.pdf>

Overfull \hbox (6.75267pt too wide) in paragraph at lines 383--384
[][] 
 []

File: figures/fig03.pdf Graphic file (type pdf)
<use figures/fig03.pdf>
File: figures/fig04.pdf Graphic file (type pdf)
<use figures/fig04.pdf>

LaTeX Warning: Hyper reference `fig:02' on page 3 undefined on input line 413.


LaTeX Warning: Hyper reference `fig:02' on page 3 undefined on input line 419.


LaTeX Warning: Hyper reference `fig:02' on page 3 undefined on input line 420.


Underfull \vbox (badness 4582) has occurred while \output is active []

[3]

LaTeX Warning: Text page 4 contains only floats.


Underfull \vbox (badness 10000) has occurred while \output is active []


LaTeX Warning: Text page 4 contains only floats.


Underfull \vbox (badness 10000) has occurred while \output is active []


LaTeX Warning: Reference `LastPage' on page 4 undefined on input line 426.

[4]

LaTeX Warning: Hyper reference `fig:03' on page 5 undefined on input line 434.


LaTeX Warning: Hyper reference `fig:S03' on page 5 undefined on input line 436.


LaTeX Warning: Hyper reference `fig:03' on page 5 undefined on input line 437.


LaTeX Warning: Hyper reference `fig:03' on page 5 undefined on input line 445.


LaTeX Warning: Hyper reference `fig:03' on page 5 undefined on input line 446.


Package natbib Warning: Citation `Soucek1998' on page 5 undefined on input line 456.


LaTeX Warning: Hyper reference `fig:04' on page 5 undefined on input line 466.


Package natbib Warning: Citation `Savino2011' on page 5 undefined on input line 467.


LaTeX Warning: Hyper reference `fig:04' on page 5 undefined on input line 470.


LaTeX Warning: Hyper reference `fig:04' on page 5 undefined on input line 473.


Package natbib Warning: Citation `Seidel2017' on page 5 undefined on input line 475.


LaTeX Warning: Hyper reference `fig:04' on page 5 undefined on input line 479.

[5]
Underfull \hbox (badness 2368) in paragraph at lines 559--562
\TU/TeXGyreTermesX(0)/m/n/10 files. To convert the ChemDraw file into GROMACS-
 []


Overfull \hbox (0.65314pt too wide) in paragraph at lines 565--565
[]\TU/lmtt/m/n/10 obabel input.cdxml -O output.pdb --gen3d -p 7.4[] 
 []


Overfull \hbox (16.40314pt too wide) in paragraph at lines 573--573
[]\TU/lmtt/m/n/10 -n index.ndx -select []group1 "end1" group2 "end2"[][] 
 []


LaTeX Warning: Reference `LastPage' on page 6 undefined on input line 600.

[6]
Underfull \hbox (badness 4846) in paragraph at lines 612--620
[]\TU/TeXGyreTermesX(0)/m/n/10 For ester preparation, TRP-esters (TCO-PEG4-TFP, BP-
 []


Underfull \hbox (badness 1715) in paragraph at lines 621--631
\TU/TeXGyreTermesX(0)/m/n/10 trated using Zeba Spin Desalting Columns 40K MWCO
 []


Underfull \hbox (badness 4647) in paragraph at lines 636--643
[] []\TU/TeXGyreTermesX(0)/b/n/10 Fluorescent spectrophotometry.[] \TU/TeXGyreTermesX(0)/m/n/10 FluoroProx probes at a
 []


Underfull \hbox (badness 4531) in paragraph at lines 649--652
[] []\TU/TeXGyreTermesX(0)/b/n/10 Liquid chromatographymass spectrometry (LCMS).[]
 []

LaTeX Font Info:    Font shape `TU/TeXGyreTermesX(0)/b/it' will be
(Font)              scaled to size 10.0pt on input line 653.

Underfull \hbox (badness 10000) in paragraph at lines 665--666
[]\TU/TeXGyreTermesX(0)/b/n/10 6-amino-9-{2-carboxy-4-[(3-{3-[13-{3-[4-(6-methyl-
 []


Underfull \hbox (badness 10000) in paragraph at lines 665--666
\TU/TeXGyreTermesX(0)/b/n/10 1,2,4,5-tetrazin-3-yl)phenoxy]propyl}carbamoyl)-
 []


Underfull \hbox (badness 10000) in paragraph at lines 665--666
\TU/TeXGyreTermesX(0)/b/n/10 5-(2-{2-{2-({3-{3-[4-(6-methyl-1,2,4,5-tetrazin-3-
 []


Underfull \hbox (badness 10000) in paragraph at lines 665--666
\TU/TeXGyreTermesX(0)/b/n/10 yl)phenoxy]propyl}carbamoyl)ethoxy}ethoxy}ethyl)-
 []


Underfull \hbox (badness 10000) in paragraph at lines 665--666
\TU/TeXGyreTermesX(0)/b/n/10 3,8,11-trioxa-5-azatridecan-1-yl]-3,4,5,13-
 []


Underfull \hbox (badness 10000) in paragraph at lines 665--666
\TU/TeXGyreTermesX(0)/b/n/10 tetraazatetracyclo[13.4.0.0$[]$.0$[]$]nonadeca-
 []


Underfull \hbox (badness 10000) in paragraph at lines 665--666
\TU/TeXGyreTermesX(0)/b/n/10 1(19),2(6),4,7,9,11,15,17-octaen-13-yl}-3-
 []


Underfull \hbox (badness 10000) in paragraph at lines 665--666
\TU/TeXGyreTermesX(0)/b/n/10 oxopropyl}carbamoyl]phenyl}-3-iminiumyl-5-sulfo-3H-
 []

File: ./figures/fig_S_structureAZdye488.pdf Graphic file (type pdf)
<use ./figures/fig_S_structureAZdye488.pdf>

Underfull \hbox (badness 10000) in paragraph at lines 671--672
[]\TU/TeXGyreTermesX(0)/b/n/10 6-{2-carboxy-4-[3-{3-[13-{3-[4-(6-methyl-1,2,4,5-
 []


Underfull \hbox (badness 10000) in paragraph at lines 671--672
\TU/TeXGyreTermesX(0)/b/n/10 tetrazin-3-yl)phenoxy]propyl}carbamoyl)-
 []


Underfull \hbox (badness 10000) in paragraph at lines 671--672
\TU/TeXGyreTermesX(0)/b/n/10 5-{2-{2-{3-[4-(6-methyl-1,2,4,5-tetrazin-3-
 []


Underfull \hbox (badness 10000) in paragraph at lines 671--672
\TU/TeXGyreTermesX(0)/b/n/10 yl)phenoxy]propyl}carbamoyl}ethoxy}ethoxy}ethyl)-
 []


Underfull \hbox (badness 10000) in paragraph at lines 671--672
\TU/TeXGyreTermesX(0)/b/n/10 3,8,11-trioxa-5-azatridecan-1-yl]-3,4,5,13-
 []


Underfull \hbox (badness 10000) in paragraph at lines 671--672
\TU/TeXGyreTermesX(0)/b/n/10 tetraazatetracyclo[13.4.0.0$[]$.0$[]$]nonadeca-
 []


Underfull \hbox (badness 10000) in paragraph at lines 671--672
\TU/TeXGyreTermesX(0)/b/n/10 1(19),2(6),4,7,9,11,15,17-octaen-13-yl}-3-
 []


Underfull \hbox (badness 10000) in paragraph at lines 671--672
\TU/TeXGyreTermesX(0)/b/n/10 oxopropyl}carbamoyl]phenyl}-1,2,2,10,10,11-hexamethyl-
 []


Underfull \hbox (badness 10000) in paragraph at lines 671--672
\TU/TeXGyreTermesX(0)/b/n/10 4,8-bis(sulfonatomethyl)-2,10-dihydro-1H-13-oxa-1,11-
 []

File: ./figures/fig_S_structureAZdye594.pdf Graphic file (type pdf)
<use ./figures/fig_S_structureAZdye594.pdf>
[7]
LaTeX Font Info:    Font shape `TU/TeXGyreTermesX(0)/b/n' will be
(Font)              scaled to size 9.0pt on input line 712.
LaTeX Font Info:    Calculating math sizes for size <7.5> on input line 713.
LaTeX Font Info:    Font shape `TU/latinmodern-math.otf(1)/m/n' will be
(Font)              scaled to size 7.83061pt on input line 713.
LaTeX Font Info:    Font shape `TU/latinmodern-math.otf(1)/m/n' will be
(Font)              scaled to size 5.7947pt on input line 713.
LaTeX Font Info:    Font shape `TU/latinmodern-math.otf(1)/m/n' will be
(Font)              scaled to size 4.69841pt on input line 713.
LaTeX Font Info:    Font shape `TU/latinmodern-math.otf(2)/m/n' will be
(Font)              scaled to size 7.83142pt on input line 713.
LaTeX Font Info:    Font shape `TU/latinmodern-math.otf(2)/m/n' will be
(Font)              scaled to size 5.79527pt on input line 713.
LaTeX Font Info:    Font shape `TU/latinmodern-math.otf(2)/m/n' will be
(Font)              scaled to size 4.6989pt on input line 713.
LaTeX Font Info:    Font shape `TU/latinmodern-math.otf(3)/m/n' will be
(Font)              scaled to size 7.82982pt on input line 713.
LaTeX Font Info:    Font shape `TU/latinmodern-math.otf(3)/m/n' will be
(Font)              scaled to size 5.7941pt on input line 713.
LaTeX Font Info:    Font shape `TU/latinmodern-math.otf(3)/m/n' will be
(Font)              scaled to size 4.69794pt on input line 713.
LaTeX Font Info:    Font shape `OT1/ptm/bx/n' in size <7.5> not available
(Font)              Font shape `OT1/ptm/b/n' tried instead on input line 713.
LaTeX Font Info:    Font shape `OT1/ptm/bx/n' in size <5.55003> not available
(Font)              Font shape `OT1/ptm/b/n' tried instead on input line 713.
LaTeX Font Info:    Font shape `OT1/ptm/bx/n' in size <4.50005> not available
(Font)              Font shape `OT1/ptm/b/n' tried instead on input line 713.
! Extra alignment tab has been changed to \cr.
<template> ...egin \relax \d@llarend \endtemplate 
                                                  
l.715 ... LOT Number & Dilution & Host & Isotype &
                                                   Clonality \\ 
Here is how much of TeX's memory you used:
 44189 strings out of 476858
 909625 string characters out of 5802902
 1955627 words of memory out of 5000000
 65400 multiletter control sequences out of 15000+600000
 578863 words of font info for 143 fonts, out of 8000000 for 9000
 14 hyphenation exceptions out of 8191
 117i,14n,131p,2016b,756s stack positions out of 10000i,1000n,20000p,200000b,200000s

Output written on template.pdf (7 pages).
